#
# There is insufficient memory for the Java Runtime Environment to continue.
# Native memory allocation (mmap) failed to map 163577856 bytes for Failed to commit area from 0x000000008cd00000 to 0x0000000096900000 of length 163577856.
# Possible reasons:
#   The system is out of physical RAM or swap space
#   The process is running with CompressedOops enabled, and the Java Heap may be blocking the growth of the native heap
# Possible solutions:
#   Reduce memory load on the system
#   Increase physical memory or swap space
#   Check if swap backing store is full
#   Decrease Java heap size (-Xmx/-Xms)
#   Decrease number of Java threads
#   Decrease Java thread stack sizes (-Xss)
#   Set larger code cache with -XX:ReservedCodeCacheSize=
#   JVM is running with Unscaled Compressed Oops mode in which the Java heap is
#     placed in the first 4GB address space. The Java Heap base address is the
#     maximum limit for the native heap growth. Please use -XX:HeapBaseMinAddress
#     to set the Java Heap base and to place the Java Heap above 4GB virtual address.
# This output file may be truncated or incomplete.
#
#  Out of Memory Error (./src/hotspot/os/windows/os_windows.cpp:3301), pid=7960, tid=7512
#
# JRE version: OpenJDK Runtime Environment (11.0.11+9) (build 11.0.11+9-b60-7590822)
# Java VM: OpenJDK 64-Bit Server VM (11.0.11+9-b60-7590822, mixed mode, tiered, compressed oops, g1 gc, windows-amd64)
# No core dump will be written. Minidumps are not enabled by default on client versions of Windows
#

---------------  S U M M A R Y ------------

Command Line: --add-opens=java.base/java.util=ALL-UNNAMED --add-opens=java.base/java.lang=ALL-UNNAMED --add-opens=java.base/java.lang.invoke=ALL-UNNAMED --add-opens=java.base/java.util=ALL-UNNAMED --add-opens=java.prefs/java.util.prefs=ALL-UNNAMED --add-opens=java.prefs/java.util.prefs=ALL-UNNAMED --add-opens=java.base/java.nio.charset=ALL-UNNAMED --add-opens=java.base/java.net=ALL-UNNAMED --add-opens=java.base/java.util.concurrent.atomic=ALL-UNNAMED -Xmx2048m -Dfile.encoding=UTF-8 -Duser.country=US -Duser.language=en -Duser.variant org.gradle.launcher.daemon.bootstrap.GradleDaemon 7.2

Host: Intel(R) Core(TM) i7-8565U CPU @ 1.80GHz, 8 cores, 7G,  Windows 10 , 64 bit Build 18362 (10.0.18362.752)
Time: Sat Jun 11 17:58:08 2022 Pacific Daylight Time elapsed time: 495.447618 seconds (0d 0h 8m 15s)

---------------  T H R E A D  ---------------

Current thread (0x0000024535c02000):  VMThread "VM Thread" [stack: 0x00000049d2700000,0x00000049d2800000] [id=7512]

Stack: [0x00000049d2700000,0x00000049d2800000]
[error occurred during error reporting (printing stack bounds), id 0xc0000005, EXCEPTION_ACCESS_VIOLATION (0xc0000005) at pc=0x000002451f270f2d]

Native frames: (J=compiled Java code, j=interpreted, Vv=VM code, C=native code)
V  [jvm.dll+0x5f214a]
V  [jvm.dll+0x726fb5]
V  [jvm.dll+0x7285cd]
V  [jvm.dll+0x728be5]
V  [jvm.dll+0x728b9b]
V  [jvm.dll+0x5f14e8]
V  [jvm.dll+0x5f1c78]
C  [ntdll.dll+0xa121f]
C  [ntdll.dll+0x6a289]
C  [ntdll.dll+0x9fe8e]
C  0x000002451f270f2d

VM_Operation (0x00000049d37f4f90): G1CollectForAllocation, mode: safepoint, requested by thread 0x000002453c834000


---------------  P R O C E S S  ---------------

Threads class SMR info:
_java_thread_list=0x000002453c0e4bf0, length=139, elements={
0x000002451b781000, 0x0000024535c07000, 0x0000024535c15000, 0x0000024535c21800,
0x0000024535c22800, 0x0000024535c24000, 0x0000024535c28000, 0x000002453659e800,
0x000002453659f800, 0x00000245366ff800, 0x00000245395f2800, 0x0000024537d4b000,
0x00000245375f1000, 0x0000024539732000, 0x000002453972f800, 0x0000024539730800,
0x0000024539733000, 0x0000024539731800, 0x0000024538b98000, 0x0000024538b9b800,
0x0000024538b97000, 0x0000024538b96800, 0x0000024538ba0000, 0x00000245389b0000,
0x00000245389ae800, 0x00000245389b1000, 0x00000245389af800, 0x00000245389b2000,
0x000002453a33e800, 0x000002453c83c800, 0x000002453c830000, 0x000002453c832800,
0x000002453c82f800, 0x000002453c834000, 0x000002453c831000, 0x000002453c833800,
0x000002453c82e800, 0x000002453c832000, 0x000002453c836800, 0x000002453c838800,
0x000002453c839000, 0x000002453673c800, 0x000002453c83a000, 0x000002453c837800,
0x000002453c835000, 0x000002453c83d000, 0x000002453c83b000, 0x000002453c83b800,
0x00000245389a8000, 0x00000245389a5000, 0x00000245389a7000, 0x00000245389a5800,
0x00000245389a6800, 0x00000245389a3000, 0x00000245389a9000, 0x00000245389a4000,
0x00000245389a9800, 0x00000245389ad800, 0x00000245389aa800, 0x00000245389ad000,
0x00000245389ab800, 0x00000245389ac000, 0x0000024538b99000, 0x0000024538b9d000,
0x0000024538b9a800, 0x0000024538ba1000, 0x0000024538ba3800, 0x0000024538ba2000,
0x0000024538ba2800, 0x0000024538b9d800, 0x0000024538ba4000, 0x0000024538b9e800,
0x0000024538ba5000, 0x0000024538b9f800, 0x000002453a343000, 0x000002453a33f800,
0x000002453a342000, 0x000002453a341000, 0x000002453a340800, 0x000002453a344800,
0x000002453a345800, 0x0000024539734000, 0x0000024539734800, 0x000002453972f000,
0x0000024539735800, 0x000002453f13e000, 0x000002453f140800, 0x000002453f141800,
0x000002453f142000, 0x000002453f13f000, 0x000002453f13f800, 0x000002453f143000,
0x000002453f13d800, 0x000002453f149800, 0x000002453f146800, 0x000002453f144000,
0x000002453f14a800, 0x000002453f147000, 0x000002453f144800, 0x000002453f14b000,
0x000002453f148800, 0x000002453f145800, 0x000002453f14c000, 0x000002453f148000,
0x000002453ed11800, 0x000002453ed13000, 0x000002453ed13800, 0x000002453ed12000,
0x000002453ed18000, 0x000002453ed19800, 0x000002453ed18800, 0x000002453ed1a000,
0x000002453ed16000, 0x000002453ed14800, 0x000002453ed1b000, 0x000002453ed15800,
0x000002453ed1c000, 0x000002453ed1c800, 0x000002453ed17000, 0x000002453ed20000,
0x000002453ed1d800, 0x000002453ed1e800, 0x000002453ed1f000, 0x000002453f2fb000,
0x000002453f300000, 0x000002453f301800, 0x000002453f300800, 0x000002453f2fb800,
0x000002453f302800, 0x000002453f2fc800, 0x000002453f2fd800, 0x000002453f2fe000,
0x000002453f304000, 0x000002453f303000, 0x000002453f304800, 0x000002453f2ff000,
0x000002453f305800, 0x000002453f309800, 0x000002453e74d800
}

Java Threads: ( => current thread )
  0x000002451b781000 JavaThread "main" [_thread_blocked, id=3956, stack(0x00000049d2100000,0x00000049d2200000)]
  0x0000024535c07000 JavaThread "Reference Handler" daemon [_thread_blocked, id=4848, stack(0x00000049d2800000,0x00000049d2900000)]
  0x0000024535c15000 JavaThread "Finalizer" daemon [_thread_blocked, id=6812, stack(0x00000049d2900000,0x00000049d2a00000)]
  0x0000024535c21800 JavaThread "Signal Dispatcher" daemon [_thread_blocked, id=6292, stack(0x00000049d2a00000,0x00000049d2b00000)]
  0x0000024535c22800 JavaThread "Attach Listener" daemon [_thread_blocked, id=6456, stack(0x00000049d2b00000,0x00000049d2c00000)]
  0x0000024535c24000 JavaThread "Service Thread" daemon [_thread_blocked, id=6868, stack(0x00000049d2c00000,0x00000049d2d00000)]
  0x0000024535c28000 JavaThread "C2 CompilerThread0" daemon [_thread_blocked, id=1876, stack(0x00000049d2d00000,0x00000049d2e00000)]
  0x000002453659e800 JavaThread "C1 CompilerThread0" daemon [_thread_blocked, id=2372, stack(0x00000049d2e00000,0x00000049d2f00000)]
  0x000002453659f800 JavaThread "Sweeper thread" daemon [_thread_blocked, id=32, stack(0x00000049d2f00000,0x00000049d3000000)]
  0x00000245366ff800 JavaThread "Common-Cleaner" daemon [_thread_blocked, id=7884, stack(0x00000049d3000000,0x00000049d3100000)]
  0x00000245395f2800 JavaThread "Daemon health stats" [_thread_blocked, id=8064, stack(0x00000049d3600000,0x00000049d3700000)]
  0x0000024537d4b000 JavaThread "Incoming local TCP Connector on port 51346" [_thread_in_native, id=4996, stack(0x00000049d3200000,0x00000049d3300000)]
  0x00000245375f1000 JavaThread "Daemon periodic checks" [_thread_blocked, id=7180, stack(0x00000049d3300000,0x00000049d3400000)]
  0x0000024539732000 JavaThread "Cache worker for journal cache (C:\Users\2022\.gradle\caches\journal-1)" [_thread_blocked, id=1424, stack(0x00000049d4300000,0x00000049d4400000)]
  0x000002453972f800 JavaThread "File lock request listener" [_thread_in_native, id=5560, stack(0x00000049d4400000,0x00000049d4500000)]
  0x0000024539730800 JavaThread "Cache worker for file hash cache (C:\Users\2022\.gradle\caches\7.2\fileHashes)" [_thread_blocked, id=2676, stack(0x00000049d4500000,0x00000049d4600000)]
  0x0000024539733000 JavaThread "File watcher server" daemon [_thread_blocked, id=2988, stack(0x00000049d4800000,0x00000049d4900000)]
  0x0000024539731800 JavaThread "File watcher consumer" daemon [_thread_blocked, id=8120, stack(0x00000049d4900000,0x00000049d4a00000)]
  0x0000024538b98000 JavaThread "Cache worker for execution history cache (C:\Users\2022\.gradle\caches\7.2\executionHistory)" [_thread_blocked, id=5748, stack(0x00000049d4d00000,0x00000049d4e00000)]
  0x0000024538b9b800 JavaThread "jar transforms" [_thread_blocked, id=4120, stack(0x00000049d4e00000,0x00000049d4f00000)]
  0x0000024538b97000 JavaThread "Cache worker for file content cache (C:\Users\2022\.gradle\caches\7.2\fileContent)" [_thread_blocked, id=6696, stack(0x00000049d4f00000,0x00000049d5000000)]
  0x0000024538b96800 JavaThread "jar transforms Thread 2" [_thread_blocked, id=6732, stack(0x00000049d5000000,0x00000049d5100000)]
  0x0000024538ba0000 JavaThread "jar transforms Thread 3" [_thread_blocked, id=7628, stack(0x00000049d5200000,0x00000049d5300000)]
  0x00000245389b0000 JavaThread "jar transforms Thread 4" [_thread_blocked, id=6576, stack(0x00000049da400000,0x00000049da500000)]
  0x00000245389ae800 JavaThread "jar transforms Thread 5" [_thread_blocked, id=6024, stack(0x00000049da500000,0x00000049da600000)]
  0x00000245389b1000 JavaThread "jar transforms Thread 6" [_thread_blocked, id=3972, stack(0x00000049da600000,0x00000049da700000)]
  0x00000245389af800 JavaThread "jar transforms Thread 7" [_thread_blocked, id=2980, stack(0x00000049da700000,0x00000049da800000)]
  0x00000245389b2000 JavaThread "jar transforms Thread 8" [_thread_blocked, id=6264, stack(0x00000049da800000,0x00000049da900000)]
  0x000002453a33e800 JavaThread "Memory manager" [_thread_blocked, id=6940, stack(0x00000049daa00000,0x00000049dab00000)]
  0x000002453c83c800 JavaThread "Cache worker for Java compile cache (C:\Users\2022\.gradle\caches\7.2\javaCompile)" [_thread_blocked, id=2260, stack(0x00000049db600000,0x00000049db700000)]
  0x000002453c830000 JavaThread "Daemon Thread 3" [_thread_blocked, id=7888, stack(0x00000049d1e00000,0x00000049d1f00000)]
  0x000002453c832800 JavaThread "Handler for socket connection from /127.0.0.1:51346 to /127.0.0.1:51510" [_thread_in_native, id=4076, stack(0x00000049d1f00000,0x00000049d2000000)]
  0x000002453c82f800 JavaThread "Cancel handler" [_thread_blocked, id=6392, stack(0x00000049d2000000,0x00000049d2100000)]
  0x000002453c834000 JavaThread "Daemon worker Thread 3" [_thread_blocked, id=6948, stack(0x00000049d3700000,0x00000049d3800000)]
  0x000002453c831000 JavaThread "Asynchronous log dispatcher for DefaultDaemonConnection: socket connection from /127.0.0.1:51346 to /127.0.0.1:51510" [_thread_blocked, id=5828, stack(0x00000049d3800000,0x00000049d3900000)]
  0x000002453c833800 JavaThread "Stdin handler" [_thread_blocked, id=7384, stack(0x00000049d3900000,0x00000049d3a00000)]
  0x000002453c82e800 JavaThread "Daemon client event forwarder" [_thread_blocked, id=6952, stack(0x00000049d3a00000,0x00000049d3b00000)]
  0x000002453c832000 JavaThread "Cache worker for file hash cache (C:\Users\2022\AndroidStudioProjects\Myproject\.gradle\7.2\fileHashes)" [_thread_blocked, id=8176, stack(0x00000049d3c00000,0x00000049d3d00000)]
  0x000002453c836800 JavaThread "Cache worker for checksums cache (C:\Users\2022\AndroidStudioProjects\Myproject\.gradle\checksums)" [_thread_blocked, id=5372, stack(0x00000049d3d00000,0x00000049d3e00000)]
  0x000002453c838800 JavaThread "Cache worker for cache directory md-supplier (C:\Users\2022\.gradle\caches\7.2\md-supplier)" [_thread_blocked, id=7940, stack(0x00000049d3e00000,0x00000049d3f00000)]
  0x000002453c839000 JavaThread "Cache worker for cache directory md-rule (C:\Users\2022\.gradle\caches\7.2\md-rule)" [_thread_blocked, id=4512, stack(0x00000049d4b00000,0x00000049d4c00000)]
  0x000002453673c800 JavaThread "C2 CompilerThread1" daemon [_thread_blocked, id=1148, stack(0x00000049d4c00000,0x00000049d4d00000)]
  0x000002453c83a000 JavaThread "Cache worker for dependencies-accessors (C:\Users\2022\AndroidStudioProjects\Myproject\.gradle\7.2\dependencies-accessors)" [_thread_blocked, id=5760, stack(0x00000049d5100000,0x00000049d5200000)]
  0x000002453c837800 JavaThread "Cache worker for Build Output Cleanup Cache (C:\Users\2022\AndroidStudioProjects\Myproject\.gradle\buildOutputCleanup)" [_thread_blocked, id=7212, stack(0x00000049d5300000,0x00000049d5400000)]
  0x000002453c835000 JavaThread "Unconstrained build operations" [_thread_blocked, id=5164, stack(0x00000049d5400000,0x00000049d5500000)]
  0x000002453c83d000 JavaThread "Unconstrained build operations Thread 2" [_thread_blocked, id=6516, stack(0x00000049d5500000,0x00000049d5600000)]
  0x000002453c83b000 JavaThread "Unconstrained build operations Thread 3" [_thread_blocked, id=4152, stack(0x00000049d5600000,0x00000049d5700000)]
  0x000002453c83b800 JavaThread "Unconstrained build operations Thread 4" [_thread_blocked, id=984, stack(0x00000049d5700000,0x00000049d5800000)]
  0x00000245389a8000 JavaThread "Unconstrained build operations Thread 5" [_thread_blocked, id=1956, stack(0x00000049d5800000,0x00000049d5900000)]
  0x00000245389a5000 JavaThread "Unconstrained build operations Thread 6" [_thread_blocked, id=7672, stack(0x00000049d5900000,0x00000049d5a00000)]
  0x00000245389a7000 JavaThread "Unconstrained build operations Thread 7" [_thread_blocked, id=2840, stack(0x00000049d5a00000,0x00000049d5b00000)]
  0x00000245389a5800 JavaThread "Unconstrained build operations Thread 8" [_thread_blocked, id=8172, stack(0x00000049d5b00000,0x00000049d5c00000)]
  0x00000245389a6800 JavaThread "Unconstrained build operations Thread 9" [_thread_blocked, id=6236, stack(0x00000049d5c00000,0x00000049d5d00000)]
  0x00000245389a3000 JavaThread "Unconstrained build operations Thread 10" [_thread_blocked, id=6156, stack(0x00000049d5d00000,0x00000049d5e00000)]
  0x00000245389a9000 JavaThread "Unconstrained build operations Thread 11" [_thread_blocked, id=280, stack(0x00000049d5e00000,0x00000049d5f00000)]
  0x00000245389a4000 JavaThread "Unconstrained build operations Thread 12" [_thread_blocked, id=7056, stack(0x00000049d5f00000,0x00000049d6000000)]
  0x00000245389a9800 JavaThread "Unconstrained build operations Thread 13" [_thread_blocked, id=6612, stack(0x00000049d6000000,0x00000049d6100000)]
  0x00000245389ad800 JavaThread "Unconstrained build operations Thread 14" [_thread_blocked, id=5924, stack(0x00000049d6100000,0x00000049d6200000)]
  0x00000245389aa800 JavaThread "Unconstrained build operations Thread 15" [_thread_blocked, id=6796, stack(0x00000049d6200000,0x00000049d6300000)]
  0x00000245389ad000 JavaThread "Unconstrained build operations Thread 16" [_thread_blocked, id=2560, stack(0x00000049d6300000,0x00000049d6400000)]
  0x00000245389ab800 JavaThread "Unconstrained build operations Thread 17" [_thread_blocked, id=4460, stack(0x00000049d6400000,0x00000049d6500000)]
  0x00000245389ac000 JavaThread "Unconstrained build operations Thread 18" [_thread_blocked, id=1116, stack(0x00000049d6500000,0x00000049d6600000)]
  0x0000024538b99000 JavaThread "Unconstrained build operations Thread 19" [_thread_blocked, id=1664, stack(0x00000049d6600000,0x00000049d6700000)]
  0x0000024538b9d000 JavaThread "Unconstrained build operations Thread 20" [_thread_blocked, id=6436, stack(0x00000049d6700000,0x00000049d6800000)]
  0x0000024538b9a800 JavaThread "Unconstrained build operations Thread 21" [_thread_blocked, id=6528, stack(0x00000049d6800000,0x00000049d6900000)]
  0x0000024538ba1000 JavaThread "Unconstrained build operations Thread 22" [_thread_blocked, id=3504, stack(0x00000049d6900000,0x00000049d6a00000)]
  0x0000024538ba3800 JavaThread "Unconstrained build operations Thread 23" [_thread_blocked, id=7216, stack(0x00000049d6a00000,0x00000049d6b00000)]
  0x0000024538ba2000 JavaThread "Unconstrained build operations Thread 24" [_thread_blocked, id=4836, stack(0x00000049d6b00000,0x00000049d6c00000)]
  0x0000024538ba2800 JavaThread "Unconstrained build operations Thread 25" [_thread_blocked, id=2428, stack(0x00000049d6c00000,0x00000049d6d00000)]
  0x0000024538b9d800 JavaThread "Unconstrained build operations Thread 26" [_thread_blocked, id=2576, stack(0x00000049d6d00000,0x00000049d6e00000)]
  0x0000024538ba4000 JavaThread "Unconstrained build operations Thread 27" [_thread_blocked, id=7076, stack(0x00000049d6e00000,0x00000049d6f00000)]
  0x0000024538b9e800 JavaThread "Unconstrained build operations Thread 28" [_thread_blocked, id=1604, stack(0x00000049d6f00000,0x00000049d7000000)]
  0x0000024538ba5000 JavaThread "Unconstrained build operations Thread 29" [_thread_blocked, id=4224, stack(0x00000049d7000000,0x00000049d7100000)]
  0x0000024538b9f800 JavaThread "Unconstrained build operations Thread 30" [_thread_blocked, id=1572, stack(0x00000049d7100000,0x00000049d7200000)]
  0x000002453a343000 JavaThread "Unconstrained build operations Thread 31" [_thread_blocked, id=1304, stack(0x00000049d7200000,0x00000049d7300000)]
  0x000002453a33f800 JavaThread "Unconstrained build operations Thread 32" [_thread_blocked, id=3548, stack(0x00000049d7300000,0x00000049d7400000)]
  0x000002453a342000 JavaThread "Unconstrained build operations Thread 33" [_thread_blocked, id=5300, stack(0x00000049d7400000,0x00000049d7500000)]
  0x000002453a341000 JavaThread "Unconstrained build operations Thread 34" [_thread_blocked, id=8052, stack(0x00000049d7500000,0x00000049d7600000)]
  0x000002453a340800 JavaThread "Unconstrained build operations Thread 35" [_thread_blocked, id=5168, stack(0x00000049d7600000,0x00000049d7700000)]
  0x000002453a344800 JavaThread "Unconstrained build operations Thread 36" [_thread_blocked, id=5368, stack(0x00000049d7700000,0x00000049d7800000)]
  0x000002453a345800 JavaThread "Unconstrained build operations Thread 37" [_thread_blocked, id=5564, stack(0x00000049d7800000,0x00000049d7900000)]
  0x0000024539734000 JavaThread "Unconstrained build operations Thread 38" [_thread_blocked, id=3888, stack(0x00000049d7900000,0x00000049d7a00000)]
  0x0000024539734800 JavaThread "Unconstrained build operations Thread 39" [_thread_blocked, id=2684, stack(0x00000049d7a00000,0x00000049d7b00000)]
  0x000002453972f000 JavaThread "Unconstrained build operations Thread 40" [_thread_blocked, id=8132, stack(0x00000049d7b00000,0x00000049d7c00000)]
  0x0000024539735800 JavaThread "Unconstrained build operations Thread 41" [_thread_blocked, id=5432, stack(0x00000049d7c00000,0x00000049d7d00000)]
  0x000002453f13e000 JavaThread "Unconstrained build operations Thread 42" [_thread_blocked, id=6012, stack(0x00000049d7d00000,0x00000049d7e00000)]
  0x000002453f140800 JavaThread "Unconstrained build operations Thread 43" [_thread_blocked, id=6360, stack(0x00000049d7e00000,0x00000049d7f00000)]
  0x000002453f141800 JavaThread "Unconstrained build operations Thread 44" [_thread_blocked, id=1764, stack(0x00000049d7f00000,0x00000049d8000000)]
  0x000002453f142000 JavaThread "Unconstrained build operations Thread 45" [_thread_blocked, id=4696, stack(0x00000049d8000000,0x00000049d8100000)]
  0x000002453f13f000 JavaThread "Unconstrained build operations Thread 46" [_thread_blocked, id=7140, stack(0x00000049d8100000,0x00000049d8200000)]
  0x000002453f13f800 JavaThread "Unconstrained build operations Thread 47" [_thread_blocked, id=7864, stack(0x00000049d8200000,0x00000049d8300000)]
  0x000002453f143000 JavaThread "Unconstrained build operations Thread 48" [_thread_blocked, id=6980, stack(0x00000049d8300000,0x00000049d8400000)]
  0x000002453f13d800 JavaThread "Unconstrained build operations Thread 49" [_thread_blocked, id=2324, stack(0x00000049d8400000,0x00000049d8500000)]
  0x000002453f149800 JavaThread "Unconstrained build operations Thread 50" [_thread_blocked, id=2552, stack(0x00000049d8500000,0x00000049d8600000)]
  0x000002453f146800 JavaThread "Unconstrained build operations Thread 51" [_thread_blocked, id=1580, stack(0x00000049d8600000,0x00000049d8700000)]
  0x000002453f144000 JavaThread "Unconstrained build operations Thread 52" [_thread_blocked, id=1560, stack(0x00000049d8700000,0x00000049d8800000)]
  0x000002453f14a800 JavaThread "Unconstrained build operations Thread 53" [_thread_blocked, id=4720, stack(0x00000049d8800000,0x00000049d8900000)]
  0x000002453f147000 JavaThread "Unconstrained build operations Thread 54" [_thread_blocked, id=4188, stack(0x00000049d8900000,0x00000049d8a00000)]
  0x000002453f144800 JavaThread "Unconstrained build operations Thread 55" [_thread_blocked, id=6532, stack(0x00000049d8a00000,0x00000049d8b00000)]
  0x000002453f14b000 JavaThread "Unconstrained build operations Thread 56" [_thread_blocked, id=4652, stack(0x00000049d8b00000,0x00000049d8c00000)]
  0x000002453f148800 JavaThread "Unconstrained build operations Thread 57" [_thread_blocked, id=5616, stack(0x00000049d8c00000,0x00000049d8d00000)]
  0x000002453f145800 JavaThread "Unconstrained build operations Thread 58" [_thread_blocked, id=6596, stack(0x00000049d8d00000,0x00000049d8e00000)]
  0x000002453f14c000 JavaThread "Unconstrained build operations Thread 59" [_thread_blocked, id=7192, stack(0x00000049d8e00000,0x00000049d8f00000)]
  0x000002453f148000 JavaThread "Unconstrained build operations Thread 60" [_thread_blocked, id=4132, stack(0x00000049d8f00000,0x00000049d9000000)]
  0x000002453ed11800 JavaThread "Unconstrained build operations Thread 61" [_thread_blocked, id=6744, stack(0x00000049d9000000,0x00000049d9100000)]
  0x000002453ed13000 JavaThread "Unconstrained build operations Thread 62" [_thread_blocked, id=7152, stack(0x00000049d9100000,0x00000049d9200000)]
  0x000002453ed13800 JavaThread "Unconstrained build operations Thread 63" [_thread_blocked, id=4932, stack(0x00000049d9200000,0x00000049d9300000)]
  0x000002453ed12000 JavaThread "Unconstrained build operations Thread 64" [_thread_blocked, id=464, stack(0x00000049d9300000,0x00000049d9400000)]
  0x000002453ed18000 JavaThread "Unconstrained build operations Thread 65" [_thread_blocked, id=5792, stack(0x00000049d9400000,0x00000049d9500000)]
  0x000002453ed19800 JavaThread "Unconstrained build operations Thread 66" [_thread_blocked, id=528, stack(0x00000049d9500000,0x00000049d9600000)]
  0x000002453ed18800 JavaThread "Unconstrained build operations Thread 67" [_thread_blocked, id=6492, stack(0x00000049d9600000,0x00000049d9700000)]
  0x000002453ed1a000 JavaThread "Unconstrained build operations Thread 68" [_thread_blocked, id=7872, stack(0x00000049d9700000,0x00000049d9800000)]
  0x000002453ed16000 JavaThread "Unconstrained build operations Thread 69" [_thread_blocked, id=448, stack(0x00000049d9800000,0x00000049d9900000)]
  0x000002453ed14800 JavaThread "Unconstrained build operations Thread 70" [_thread_blocked, id=8036, stack(0x00000049d9900000,0x00000049d9a00000)]
  0x000002453ed1b000 JavaThread "Unconstrained build operations Thread 71" [_thread_blocked, id=688, stack(0x00000049d9a00000,0x00000049d9b00000)]
  0x000002453ed15800 JavaThread "Unconstrained build operations Thread 72" [_thread_blocked, id=8164, stack(0x00000049d9b00000,0x00000049d9c00000)]
  0x000002453ed1c000 JavaThread "Unconstrained build operations Thread 73" [_thread_blocked, id=5640, stack(0x00000049d9c00000,0x00000049d9d00000)]
  0x000002453ed1c800 JavaThread "Unconstrained build operations Thread 74" [_thread_blocked, id=7008, stack(0x00000049d9d00000,0x00000049d9e00000)]
  0x000002453ed17000 JavaThread "Unconstrained build operations Thread 75" [_thread_blocked, id=1084, stack(0x00000049d9e00000,0x00000049d9f00000)]
  0x000002453ed20000 JavaThread "Unconstrained build operations Thread 76" [_thread_blocked, id=4600, stack(0x00000049d9f00000,0x00000049da000000)]
  0x000002453ed1d800 JavaThread "Unconstrained build operations Thread 77" [_thread_blocked, id=8112, stack(0x00000049da000000,0x00000049da100000)]
  0x000002453ed1e800 JavaThread "Unconstrained build operations Thread 78" [_thread_blocked, id=8136, stack(0x00000049da100000,0x00000049da200000)]
  0x000002453ed1f000 JavaThread "Unconstrained build operations Thread 79" [_thread_blocked, id=7052, stack(0x00000049da200000,0x00000049da300000)]
  0x000002453f2fb000 JavaThread "Unconstrained build operations Thread 80" [_thread_blocked, id=5656, stack(0x00000049da300000,0x00000049da400000)]
  0x000002453f300000 JavaThread "build event listener" [_thread_blocked, id=6608, stack(0x00000049dab00000,0x00000049dac00000)]
  0x000002453f301800 JavaThread "Execution worker for ':'" [_thread_blocked, id=5288, stack(0x00000049dac00000,0x00000049dad00000)]
  0x000002453f300800 JavaThread "Execution worker for ':' Thread 2" [_thread_blocked, id=4732, stack(0x00000049dad00000,0x00000049dae00000)]
  0x000002453f2fb800 JavaThread "Execution worker for ':' Thread 3" [_thread_blocked, id=7028, stack(0x00000049dae00000,0x00000049daf00000)]
  0x000002453f302800 JavaThread "Execution worker for ':' Thread 4" [_thread_blocked, id=6404, stack(0x00000049daf00000,0x00000049db000000)]
  0x000002453f2fc800 JavaThread "Execution worker for ':' Thread 5" [_thread_blocked, id=2656, stack(0x00000049db000000,0x00000049db100000)]
  0x000002453f2fd800 JavaThread "Execution worker for ':' Thread 6" [_thread_blocked, id=6224, stack(0x00000049db100000,0x00000049db200000)]
  0x000002453f2fe000 JavaThread "Execution worker for ':' Thread 7" [_thread_blocked, id=928, stack(0x00000049db200000,0x00000049db300000)]
  0x000002453f304000 JavaThread "Cache worker for execution history cache (C:\Users\2022\AndroidStudioProjects\Myproject\.gradle\7.2\executionHistory)" [_thread_blocked, id=7088, stack(0x00000049db300000,0x00000049db400000)]
  0x000002453f303000 JavaThread "WorkerExecutor Queue" [_thread_blocked, id=7336, stack(0x00000049db400000,0x00000049db500000)]
  0x000002453f304800 JavaThread "WorkerExecutor Queue Thread 2" [_thread_blocked, id=7616, stack(0x00000049db500000,0x00000049db600000)]
  0x000002453f2ff000 JavaThread "pool-7-thread-1" [_thread_blocked, id=1460, stack(0x00000049db700000,0x00000049db800000)]
  0x000002453f305800 JavaThread "stderr" [_thread_in_native, id=6500, stack(0x00000049db800000,0x00000049db900000)]
  0x000002453f309800 JavaThread "stdout" [_thread_in_native, id=3980, stack(0x00000049db900000,0x00000049dba00000)]
  0x000002453e74d800 JavaThread "C2 CompilerThread2" daemon [_thread_blocked, id=2648, stack(0x00000049da900000,0x00000049daa00000)]

Other Threads:
=>0x0000024535c02000 VMThread "VM Thread" [stack: 0x00000049d2700000,0x00000049d2800000] [id=7512]
  0x000002453673a800 WatcherThread [stack: 0x00000049d3100000,0x00000049d3200000] [id=4080]
  0x000002451b79a000 GCTaskThread "GC Thread#0" [stack: 0x00000049d2200000,0x00000049d2300000] [id=1428]
  0x0000024537044000 GCTaskThread "GC Thread#1" [stack: 0x00000049d3400000,0x00000049d3500000] [id=7800]
  0x00000245373a4800 GCTaskThread "GC Thread#2" [stack: 0x00000049d3500000,0x00000049d3600000] [id=2056]
  0x00000245384f7800 GCTaskThread "GC Thread#3" [stack: 0x00000049d3b00000,0x00000049d3c00000] [id=6904]
  0x0000024538028800 GCTaskThread "GC Thread#4" [stack: 0x00000049d3f00000,0x00000049d4000000] [id=2060]
  0x00000245384f2000 GCTaskThread "GC Thread#5" [stack: 0x00000049d4000000,0x00000049d4100000] [id=7264]
  0x0000024538f33000 GCTaskThread "GC Thread#6" [stack: 0x00000049d4100000,0x00000049d4200000] [id=3936]
  0x00000245376a9800 GCTaskThread "GC Thread#7" [stack: 0x00000049d4200000,0x00000049d4300000] [id=7796]
  0x000002451b7c9800 ConcurrentGCThread "G1 Main Marker" [stack: 0x00000049d2300000,0x00000049d2400000] [id=4900]
  0x000002451b7cb000 ConcurrentGCThread "G1 Conc#0" [stack: 0x00000049d2400000,0x00000049d2500000] [id=4908]
  0x0000024537c87000 ConcurrentGCThread "G1 Conc#1" [stack: 0x00000049d4600000,0x00000049d4700000] [id=1968]
  0x0000024535a52800 ConcurrentGCThread "G1 Refine#0" [stack: 0x00000049d2500000,0x00000049d2600000] [id=5320]
  0x000002453e67a800 ConcurrentGCThread "G1 Refine#1" [stack: 0x00000049d4700000,0x00000049d4800000] [id=7356]
  0x0000024539d9d000 ConcurrentGCThread "G1 Refine#2" [stack: 0x00000049d4a00000,0x00000049d4b00000] [id=1760]
  0x000002451b84d000 ConcurrentGCThread "G1 Young RemSet Sampling" [stack: 0x00000049d2600000,0x00000049d2700000] [id=6988]

Threads with active compile tasks:
C1 CompilerThread0 495513 15944       3       com.sun.tools.javac.code.Symbol::isMemberOf (47 bytes)

VM state:at safepoint (normal execution)

VM Mutex/Monitor currently owned by a thread:  ([mutex/lock_event])
[0x000002451b77beb0] Threads_lock - owner thread: 0x0000024535c02000
[0x000002451b77c8d0] Heap_lock - owner thread: 0x000002453c834000

Heap address: 0x0000000080000000, size: 2048 MB, Compressed Oops mode: 32-bit
Narrow klass base: 0x0000000000000000, Narrow klass shift: 3
Compressed class space size: 1073741824 Address: 0x0000000100000000

Heap:
 garbage-first heap   total 369664K, used 103739K [0x0000000080000000, 0x0000000100000000)
  region size 1024K, 2 young (2048K), 2 survivors (2048K)
 Metaspace       used 103755K, capacity 106426K, committed 106700K, reserved 1142784K
  class space    used 13052K, capacity 14036K, committed 14080K, reserved 1048576K
Heap Regions: E=young(eden), S=young(survivor), O=old, HS=humongous(starts), HC=humongous(continues), CS=collection set, F=free, A=archive, TAMS=top-at-mark-start (previous, next)
|   0|0x0000000080000000, 0x0000000080100000, 0x0000000080100000|100%| O|  |TAMS 0x0000000080100000, 0x0000000080000000| Untracked 
|   1|0x0000000080100000, 0x0000000080200000, 0x0000000080200000|100%| O|  |TAMS 0x0000000080200000, 0x0000000080100000| Untracked 
|   2|0x0000000080200000, 0x0000000080300000, 0x0000000080300000|100%| O|  |TAMS 0x0000000080300000, 0x0000000080200000| Untracked 
|   3|0x0000000080300000, 0x0000000080400000, 0x0000000080400000|100%|HS|  |TAMS 0x0000000080400000, 0x0000000080300000| Complete 
|   4|0x0000000080400000, 0x0000000080500000, 0x0000000080500000|100%|HC|  |TAMS 0x0000000080500000, 0x0000000080400000| Complete 
|   5|0x0000000080500000, 0x0000000080600000, 0x0000000080600000|100%|HC|  |TAMS 0x0000000080600000, 0x0000000080500000| Complete 
|   6|0x0000000080600000, 0x0000000080700000, 0x0000000080700000|100%| O|  |TAMS 0x0000000080700000, 0x0000000080600000| Untracked 
|   7|0x0000000080700000, 0x0000000080800000, 0x0000000080800000|100%| O|  |TAMS 0x0000000080800000, 0x0000000080700000| Untracked 
|   8|0x0000000080800000, 0x0000000080900000, 0x0000000080900000|100%| O|  |TAMS 0x0000000080900000, 0x0000000080800000| Untracked 
|   9|0x0000000080900000, 0x0000000080a00000, 0x0000000080a00000|100%| O|  |TAMS 0x0000000080a00000, 0x0000000080900000| Untracked 
|  10|0x0000000080a00000, 0x0000000080b00000, 0x0000000080b00000|100%| O|  |TAMS 0x0000000080b00000, 0x0000000080a00000| Untracked 
|  11|0x0000000080b00000, 0x0000000080c00000, 0x0000000080c00000|100%| O|  |TAMS 0x0000000080c00000, 0x0000000080b00000| Untracked 
|  12|0x0000000080c00000, 0x0000000080d00000, 0x0000000080d00000|100%| O|  |TAMS 0x0000000080d00000, 0x0000000080c00000| Untracked 
|  13|0x0000000080d00000, 0x0000000080e00000, 0x0000000080e00000|100%| O|  |TAMS 0x0000000080e00000, 0x0000000080d00000| Untracked 
|  14|0x0000000080e00000, 0x0000000080f00000, 0x0000000080f00000|100%| O|  |TAMS 0x0000000080f00000, 0x0000000080e00000| Untracked 
|  15|0x0000000080f00000, 0x0000000081000000, 0x0000000081000000|100%| O|  |TAMS 0x0000000081000000, 0x0000000080f00000| Complete 
|  16|0x0000000081000000, 0x0000000081100000, 0x0000000081100000|100%|HS|  |TAMS 0x0000000081100000, 0x0000000081000000| Complete 
|  17|0x0000000081100000, 0x0000000081200000, 0x0000000081200000|100%| O|  |TAMS 0x0000000081200000, 0x0000000081100000| Untracked 
|  18|0x0000000081200000, 0x0000000081300000, 0x0000000081300000|100%| O|  |TAMS 0x0000000081300000, 0x0000000081200000| Untracked 
|  19|0x0000000081300000, 0x0000000081400000, 0x0000000081400000|100%| O|  |TAMS 0x0000000081400000, 0x0000000081300000| Untracked 
|  20|0x0000000081400000, 0x0000000081500000, 0x0000000081500000|100%| O|  |TAMS 0x0000000081500000, 0x0000000081400000| Complete 
|  21|0x0000000081500000, 0x0000000081600000, 0x0000000081600000|100%| O|  |TAMS 0x0000000081600000, 0x0000000081500000| Untracked 
|  22|0x0000000081600000, 0x0000000081700000, 0x0000000081700000|100%| O|  |TAMS 0x0000000081700000, 0x0000000081600000| Untracked 
|  23|0x0000000081700000, 0x0000000081800000, 0x0000000081800000|100%| O|  |TAMS 0x0000000081800000, 0x0000000081700000| Untracked 
|  24|0x0000000081800000, 0x0000000081900000, 0x0000000081900000|100%| O|  |TAMS 0x0000000081900000, 0x0000000081800000| Untracked 
|  25|0x0000000081900000, 0x0000000081a00000, 0x0000000081a00000|100%| O|  |TAMS 0x0000000081a00000, 0x0000000081900000| Untracked 
|  26|0x0000000081a00000, 0x0000000081b00000, 0x0000000081b00000|100%| O|  |TAMS 0x0000000081b00000, 0x0000000081a00000| Untracked 
|  27|0x0000000081b00000, 0x0000000081c00000, 0x0000000081c00000|100%| O|  |TAMS 0x0000000081b00000, 0x0000000081b00000| Untracked 
|  28|0x0000000081c00000, 0x0000000081d00000, 0x0000000081d00000|100%|HS|  |TAMS 0x0000000081d00000, 0x0000000081c00000| Complete 
|  29|0x0000000081d00000, 0x0000000081e00000, 0x0000000081e00000|100%|HS|  |TAMS 0x0000000081e00000, 0x0000000081d00000| Complete 
|  30|0x0000000081e00000, 0x0000000081f00000, 0x0000000081f00000|100%|HS|  |TAMS 0x0000000081f00000, 0x0000000081e00000| Complete 
|  31|0x0000000081f00000, 0x0000000082000000, 0x0000000082000000|100%|HC|  |TAMS 0x0000000082000000, 0x0000000081f00000| Complete 
|  32|0x0000000082000000, 0x0000000082100000, 0x0000000082100000|100%| O|  |TAMS 0x0000000082100000, 0x0000000082000000| Complete 
|  33|0x0000000082100000, 0x0000000082200000, 0x0000000082200000|100%| O|  |TAMS 0x0000000082200000, 0x0000000082100000| Complete 
|  34|0x0000000082200000, 0x0000000082300000, 0x0000000082300000|100%| O|  |TAMS 0x0000000082300000, 0x0000000082200000| Untracked 
|  35|0x0000000082300000, 0x0000000082400000, 0x0000000082400000|100%| O|  |TAMS 0x0000000082400000, 0x0000000082300000| Untracked 
|  36|0x0000000082400000, 0x0000000082500000, 0x0000000082500000|100%| O|  |TAMS 0x0000000082500000, 0x0000000082400000| Untracked 
|  37|0x0000000082500000, 0x0000000082600000, 0x0000000082600000|100%| O|  |TAMS 0x0000000082600000, 0x0000000082500000| Untracked 
|  38|0x0000000082600000, 0x0000000082700000, 0x0000000082700000|100%| O|  |TAMS 0x0000000082700000, 0x0000000082600000| Untracked 
|  39|0x0000000082700000, 0x0000000082800000, 0x0000000082800000|100%| O|  |TAMS 0x0000000082800000, 0x0000000082700000| Untracked 
|  40|0x0000000082800000, 0x0000000082900000, 0x0000000082900000|100%| O|  |TAMS 0x0000000082900000, 0x0000000082800000| Untracked 
|  41|0x0000000082900000, 0x0000000082a00000, 0x0000000082a00000|100%| O|  |TAMS 0x0000000082a00000, 0x0000000082900000| Untracked 
|  42|0x0000000082a00000, 0x0000000082b00000, 0x0000000082b00000|100%| O|  |TAMS 0x0000000082b00000, 0x0000000082a00000| Complete 
|  43|0x0000000082b00000, 0x0000000082c00000, 0x0000000082c00000|100%| O|  |TAMS 0x0000000082c00000, 0x0000000082b00000| Untracked 
|  44|0x0000000082c00000, 0x0000000082d00000, 0x0000000082d00000|100%| O|  |TAMS 0x0000000082d00000, 0x0000000082c00000| Untracked 
|  45|0x0000000082d00000, 0x0000000082e00000, 0x0000000082e00000|100%| O|  |TAMS 0x0000000082e00000, 0x0000000082d00000| Untracked 
|  46|0x0000000082e00000, 0x0000000082f00000, 0x0000000082f00000|100%| O|  |TAMS 0x0000000082f00000, 0x0000000082e00000| Untracked 
|  47|0x0000000082f00000, 0x0000000083000000, 0x0000000083000000|100%| O|  |TAMS 0x0000000083000000, 0x0000000082f00000| Untracked 
|  48|0x0000000083000000, 0x0000000083100000, 0x0000000083100000|100%| O|  |TAMS 0x0000000083100000, 0x0000000083000000| Untracked 
|  49|0x0000000083100000, 0x0000000083200000, 0x0000000083200000|100%| O|  |TAMS 0x0000000083200000, 0x0000000083100000| Untracked 
|  50|0x0000000083200000, 0x0000000083300000, 0x0000000083300000|100%| O|  |TAMS 0x0000000083300000, 0x0000000083200000| Untracked 
|  51|0x0000000083300000, 0x0000000083400000, 0x0000000083400000|100%| O|  |TAMS 0x0000000083400000, 0x0000000083300000| Untracked 
|  52|0x0000000083400000, 0x0000000083500000, 0x0000000083500000|100%| O|  |TAMS 0x0000000083500000, 0x0000000083400000| Complete 
|  53|0x0000000083500000, 0x0000000083600000, 0x0000000083600000|100%| O|  |TAMS 0x0000000083600000, 0x0000000083500000| Complete 
|  54|0x0000000083600000, 0x0000000083700000, 0x0000000083700000|100%| O|  |TAMS 0x0000000083700000, 0x0000000083600000| Untracked 
|  55|0x0000000083700000, 0x0000000083800000, 0x0000000083800000|100%| O|  |TAMS 0x0000000083800000, 0x0000000083700000| Complete 
|  56|0x0000000083800000, 0x0000000083900000, 0x0000000083900000|100%| O|  |TAMS 0x0000000083900000, 0x0000000083800000| Untracked 
|  57|0x0000000083900000, 0x0000000083a00000, 0x0000000083a00000|100%| O|  |TAMS 0x0000000083a00000, 0x0000000083900000| Complete 
|  58|0x0000000083a00000, 0x0000000083b00000, 0x0000000083b00000|100%| O|  |TAMS 0x0000000083b00000, 0x0000000083a00000| Complete 
|  59|0x0000000083b00000, 0x0000000083b00000, 0x0000000083c00000|  0%| F|  |TAMS 0x0000000083b00000, 0x0000000083b00000| Untracked 
|  60|0x0000000083c00000, 0x0000000083c00000, 0x0000000083d00000|  0%| F|  |TAMS 0x0000000083c00000, 0x0000000083c00000| Untracked 
|  61|0x0000000083d00000, 0x0000000083e00000, 0x0000000083e00000|100%| O|  |TAMS 0x0000000083e00000, 0x0000000083d00000| Complete 
|  62|0x0000000083e00000, 0x0000000083f00000, 0x0000000083f00000|100%| O|  |TAMS 0x0000000083f00000, 0x0000000083e00000| Complete 
|  63|0x0000000083f00000, 0x0000000084000000, 0x0000000084000000|100%| O|  |TAMS 0x0000000084000000, 0x0000000083f00000| Complete 
|  64|0x0000000084000000, 0x0000000084100000, 0x0000000084100000|100%| O|  |TAMS 0x0000000084100000, 0x0000000084000000| Untracked 
|  65|0x0000000084100000, 0x0000000084200000, 0x0000000084200000|100%| O|  |TAMS 0x0000000084200000, 0x0000000084100000| Untracked 
|  66|0x0000000084200000, 0x0000000084300000, 0x0000000084300000|100%| O|  |TAMS 0x0000000084300000, 0x0000000084200000| Complete 
|  67|0x0000000084300000, 0x0000000084400000, 0x0000000084400000|100%| O|  |TAMS 0x0000000084400000, 0x0000000084300000| Complete 
|  68|0x0000000084400000, 0x0000000084500000, 0x0000000084500000|100%| O|  |TAMS 0x0000000084500000, 0x0000000084400000| Untracked 
|  69|0x0000000084500000, 0x0000000084600000, 0x0000000084600000|100%| O|  |TAMS 0x0000000084600000, 0x0000000084500000| Untracked 
|  70|0x0000000084600000, 0x0000000084700000, 0x0000000084700000|100%| O|  |TAMS 0x0000000084700000, 0x0000000084600000| Complete 
|  71|0x0000000084700000, 0x0000000084800000, 0x0000000084800000|100%| O|  |TAMS 0x0000000084800000, 0x0000000084700000| Complete 
|  72|0x0000000084800000, 0x0000000084900000, 0x0000000084900000|100%| O|  |TAMS 0x0000000084900000, 0x0000000084800000| Complete 
|  73|0x0000000084900000, 0x0000000084a00000, 0x0000000084a00000|100%| O|  |TAMS 0x0000000084900000, 0x0000000084900000| Untracked 
|  74|0x0000000084a00000, 0x0000000084b00000, 0x0000000084b00000|100%| O|  |TAMS 0x0000000084b00000, 0x0000000084a00000| Complete 
|  75|0x0000000084b00000, 0x0000000084c00000, 0x0000000084c00000|100%| O|  |TAMS 0x0000000084c00000, 0x0000000084b00000| Untracked 
|  76|0x0000000084c00000, 0x0000000084d00000, 0x0000000084d00000|100%| O|  |TAMS 0x0000000084d00000, 0x0000000084c00000| Untracked 
|  77|0x0000000084d00000, 0x0000000084e00000, 0x0000000084e00000|100%| O|  |TAMS 0x0000000084e00000, 0x0000000084d00000| Complete 
|  78|0x0000000084e00000, 0x0000000084f00000, 0x0000000084f00000|100%| O|  |TAMS 0x0000000084f00000, 0x0000000084e00000| Complete 
|  79|0x0000000084f00000, 0x0000000085000000, 0x0000000085000000|100%| O|  |TAMS 0x0000000085000000, 0x0000000084f00000| Untracked 
|  80|0x0000000085000000, 0x0000000085000000, 0x0000000085100000|  0%| F|  |TAMS 0x0000000085000000, 0x0000000085000000| Untracked 
|  81|0x0000000085100000, 0x0000000085200000, 0x0000000085200000|100%|HS|  |TAMS 0x0000000085100000, 0x0000000085100000| Complete 
|  82|0x0000000085200000, 0x0000000085300000, 0x0000000085300000|100%|HC|  |TAMS 0x0000000085200000, 0x0000000085200000| Complete 
|  83|0x0000000085300000, 0x0000000085400000, 0x0000000085400000|100%| O|  |TAMS 0x0000000085400000, 0x0000000085300000| Untracked 
|  84|0x0000000085400000, 0x0000000085500000, 0x0000000085500000|100%| O|  |TAMS 0x0000000085500000, 0x0000000085400000| Complete 
|  85|0x0000000085500000, 0x0000000085600000, 0x0000000085600000|100%| O|  |TAMS 0x0000000085500000, 0x0000000085500000| Untracked 
|  86|0x0000000085600000, 0x0000000085700000, 0x0000000085700000|100%| O|  |TAMS 0x0000000085600000, 0x0000000085600000| Untracked 
|  87|0x0000000085700000, 0x0000000085800000, 0x0000000085800000|100%| O|  |TAMS 0x0000000085700000, 0x0000000085700000| Untracked 
|  88|0x0000000085800000, 0x0000000085800000, 0x0000000085900000|  0%| F|  |TAMS 0x0000000085800000, 0x0000000085800000| Untracked 
|  89|0x0000000085900000, 0x0000000085900000, 0x0000000085a00000|  0%| F|  |TAMS 0x0000000085900000, 0x0000000085900000| Untracked 
|  90|0x0000000085a00000, 0x0000000085a00000, 0x0000000085b00000|  0%| F|  |TAMS 0x0000000085a00000, 0x0000000085a00000| Untracked 
|  91|0x0000000085b00000, 0x0000000085c00000, 0x0000000085c00000|100%| O|  |TAMS 0x0000000085c00000, 0x0000000085b00000| Complete 
|  92|0x0000000085c00000, 0x0000000085c00000, 0x0000000085d00000|  0%| F|  |TAMS 0x0000000085c00000, 0x0000000085c00000| Untracked 
|  93|0x0000000085d00000, 0x0000000085e00000, 0x0000000085e00000|100%| O|  |TAMS 0x0000000085e00000, 0x0000000085d00000| Complete 
|  94|0x0000000085e00000, 0x0000000085f00000, 0x0000000085f00000|100%| O|  |TAMS 0x0000000085f00000, 0x0000000085e00000| Complete 
|  95|0x0000000085f00000, 0x0000000085f00000, 0x0000000086000000|  0%| F|  |TAMS 0x0000000085f00000, 0x0000000085f00000| Untracked 
|  96|0x0000000086000000, 0x0000000086100000, 0x0000000086100000|100%| O|  |TAMS 0x0000000086000000, 0x0000000086000000| Untracked 
|  97|0x0000000086100000, 0x0000000086200000, 0x0000000086200000|100%| O|  |TAMS 0x0000000086200000, 0x0000000086100000| Untracked 
|  98|0x0000000086200000, 0x0000000086300000, 0x0000000086300000|100%| O|  |TAMS 0x0000000086300000, 0x0000000086200000| Complete 
|  99|0x0000000086300000, 0x0000000086400000, 0x0000000086400000|100%| O|  |TAMS 0x0000000086400000, 0x0000000086300000| Complete 
| 100|0x0000000086400000, 0x0000000086500000, 0x0000000086500000|100%| O|  |TAMS 0x00000000864ec800, 0x0000000086400000| Untracked 
| 101|0x0000000086500000, 0x0000000086600000, 0x0000000086600000|100%| O|  |TAMS 0x0000000086500000, 0x0000000086500000| Untracked 
| 102|0x0000000086600000, 0x0000000086700000, 0x0000000086700000|100%| O|  |TAMS 0x0000000086700000, 0x0000000086600000| Complete 
| 103|0x0000000086700000, 0x0000000086800000, 0x0000000086800000|100%| O|  |TAMS 0x0000000086800000, 0x0000000086700000| Complete 
| 104|0x0000000086800000, 0x0000000086900000, 0x0000000086900000|100%| O|  |TAMS 0x0000000086800000, 0x0000000086800000| Untracked 
| 105|0x0000000086900000, 0x0000000086a00000, 0x0000000086a00000|100%| O|  |TAMS 0x0000000086900000, 0x0000000086900000| Untracked 
| 106|0x0000000086a00000, 0x0000000086b00000, 0x0000000086b00000|100%| O|  |TAMS 0x0000000086a00000, 0x0000000086a00000| Untracked 
| 107|0x0000000086b00000, 0x0000000086c00000, 0x0000000086c00000|100%| O|  |TAMS 0x0000000086b00000, 0x0000000086b00000| Untracked 
| 108|0x0000000086c00000, 0x0000000086c35600, 0x0000000086d00000| 20%| O|  |TAMS 0x0000000086c00000, 0x0000000086c00000| Untracked 
| 109|0x0000000086d00000, 0x0000000086d00000, 0x0000000086e00000|  0%| F|  |TAMS 0x0000000086d00000, 0x0000000086d00000| Untracked 
| 110|0x0000000086e00000, 0x0000000086e00000, 0x0000000086f00000|  0%| F|  |TAMS 0x0000000086e00000, 0x0000000086e00000| Untracked 
| 111|0x0000000086f00000, 0x0000000086f00000, 0x0000000087000000|  0%| F|  |TAMS 0x0000000086f00000, 0x0000000086f00000| Untracked 
| 112|0x0000000087000000, 0x0000000087000000, 0x0000000087100000|  0%| F|  |TAMS 0x0000000087000000, 0x0000000087000000| Untracked 
| 113|0x0000000087100000, 0x0000000087100000, 0x0000000087200000|  0%| F|  |TAMS 0x0000000087100000, 0x0000000087100000| Untracked 
| 114|0x0000000087200000, 0x0000000087200000, 0x0000000087300000|  0%| F|  |TAMS 0x0000000087200000, 0x0000000087200000| Untracked 
| 115|0x0000000087300000, 0x0000000087300000, 0x0000000087400000|  0%| F|  |TAMS 0x0000000087300000, 0x0000000087300000| Untracked 
| 116|0x0000000087400000, 0x0000000087400000, 0x0000000087500000|  0%| F|  |TAMS 0x0000000087400000, 0x0000000087400000| Untracked 
| 117|0x0000000087500000, 0x0000000087500000, 0x0000000087600000|  0%| F|  |TAMS 0x0000000087500000, 0x0000000087500000| Untracked 
| 118|0x0000000087600000, 0x0000000087600000, 0x0000000087700000|  0%| F|  |TAMS 0x0000000087600000, 0x0000000087600000| Untracked 
| 119|0x0000000087700000, 0x0000000087700000, 0x0000000087800000|  0%| F|  |TAMS 0x0000000087700000, 0x0000000087700000| Untracked 
| 120|0x0000000087800000, 0x0000000087800000, 0x0000000087900000|  0%| F|  |TAMS 0x0000000087800000, 0x0000000087800000| Untracked 
| 121|0x0000000087900000, 0x0000000087900000, 0x0000000087a00000|  0%| F|  |TAMS 0x0000000087900000, 0x0000000087900000| Untracked 
| 122|0x0000000087a00000, 0x0000000087a00000, 0x0000000087b00000|  0%| F|  |TAMS 0x0000000087a00000, 0x0000000087a00000| Untracked 
| 123|0x0000000087b00000, 0x0000000087b00000, 0x0000000087c00000|  0%| F|  |TAMS 0x0000000087b00000, 0x0000000087b00000| Untracked 
| 124|0x0000000087c00000, 0x0000000087c00000, 0x0000000087d00000|  0%| F|  |TAMS 0x0000000087c00000, 0x0000000087c00000| Untracked 
| 125|0x0000000087d00000, 0x0000000087d00000, 0x0000000087e00000|  0%| F|  |TAMS 0x0000000087d00000, 0x0000000087d00000| Untracked 
| 126|0x0000000087e00000, 0x0000000087e00000, 0x0000000087f00000|  0%| F|  |TAMS 0x0000000087e00000, 0x0000000087e00000| Untracked 
| 127|0x0000000087f00000, 0x0000000087f00000, 0x0000000088000000|  0%| F|  |TAMS 0x0000000087f00000, 0x0000000087f00000| Untracked 
| 128|0x0000000088000000, 0x0000000088000000, 0x0000000088100000|  0%| F|  |TAMS 0x0000000088000000, 0x0000000088000000| Untracked 
| 129|0x0000000088100000, 0x0000000088100000, 0x0000000088200000|  0%| F|  |TAMS 0x0000000088100000, 0x0000000088100000| Untracked 
| 130|0x0000000088200000, 0x0000000088200000, 0x0000000088300000|  0%| F|  |TAMS 0x0000000088200000, 0x0000000088200000| Untracked 
| 131|0x0000000088300000, 0x0000000088300000, 0x0000000088400000|  0%| F|  |TAMS 0x0000000088300000, 0x0000000088300000| Untracked 
| 132|0x0000000088400000, 0x0000000088400000, 0x0000000088500000|  0%| F|  |TAMS 0x0000000088400000, 0x0000000088400000| Untracked 
| 133|0x0000000088500000, 0x0000000088500000, 0x0000000088600000|  0%| F|  |TAMS 0x0000000088500000, 0x0000000088500000| Untracked 
| 134|0x0000000088600000, 0x0000000088600000, 0x0000000088700000|  0%| F|  |TAMS 0x0000000088600000, 0x0000000088600000| Untracked 
| 135|0x0000000088700000, 0x0000000088700000, 0x0000000088800000|  0%| F|  |TAMS 0x0000000088700000, 0x0000000088700000| Untracked 
| 136|0x0000000088800000, 0x0000000088800000, 0x0000000088900000|  0%| F|  |TAMS 0x0000000088800000, 0x0000000088800000| Untracked 
| 137|0x0000000088900000, 0x0000000088900000, 0x0000000088a00000|  0%| F|  |TAMS 0x0000000088900000, 0x0000000088900000| Untracked 
| 138|0x0000000088a00000, 0x0000000088a00000, 0x0000000088b00000|  0%| F|  |TAMS 0x0000000088a00000, 0x0000000088a00000| Untracked 
| 139|0x0000000088b00000, 0x0000000088b00000, 0x0000000088c00000|  0%| F|  |TAMS 0x0000000088b00000, 0x0000000088b00000| Untracked 
| 140|0x0000000088c00000, 0x0000000088c00000, 0x0000000088d00000|  0%| F|  |TAMS 0x0000000088c00000, 0x0000000088c00000| Untracked 
| 141|0x0000000088d00000, 0x0000000088d00000, 0x0000000088e00000|  0%| F|  |TAMS 0x0000000088d00000, 0x0000000088d00000| Untracked 
| 142|0x0000000088e00000, 0x0000000088e00000, 0x0000000088f00000|  0%| F|  |TAMS 0x0000000088e00000, 0x0000000088e00000| Untracked 
| 143|0x0000000088f00000, 0x0000000088f00000, 0x0000000089000000|  0%| F|  |TAMS 0x0000000088f00000, 0x0000000088f00000| Untracked 
| 144|0x0000000089000000, 0x0000000089000000, 0x0000000089100000|  0%| F|  |TAMS 0x0000000089000000, 0x0000000089000000| Untracked 
| 145|0x0000000089100000, 0x0000000089100000, 0x0000000089200000|  0%| F|  |TAMS 0x0000000089100000, 0x0000000089100000| Untracked 
| 146|0x0000000089200000, 0x0000000089200000, 0x0000000089300000|  0%| F|  |TAMS 0x0000000089200000, 0x0000000089200000| Untracked 
| 147|0x0000000089300000, 0x0000000089300000, 0x0000000089400000|  0%| F|  |TAMS 0x0000000089300000, 0x0000000089300000| Untracked 
| 148|0x0000000089400000, 0x0000000089400000, 0x0000000089500000|  0%| F|  |TAMS 0x0000000089400000, 0x0000000089400000| Untracked 
| 149|0x0000000089500000, 0x0000000089500000, 0x0000000089600000|  0%| F|  |TAMS 0x0000000089500000, 0x0000000089500000| Untracked 
| 150|0x0000000089600000, 0x0000000089600000, 0x0000000089700000|  0%| F|  |TAMS 0x0000000089600000, 0x0000000089600000| Untracked 
| 151|0x0000000089700000, 0x0000000089700000, 0x0000000089800000|  0%| F|  |TAMS 0x0000000089700000, 0x0000000089700000| Untracked 
| 152|0x0000000089800000, 0x0000000089800000, 0x0000000089900000|  0%| F|  |TAMS 0x0000000089800000, 0x0000000089800000| Untracked 
| 153|0x0000000089900000, 0x0000000089900000, 0x0000000089a00000|  0%| F|  |TAMS 0x0000000089900000, 0x0000000089900000| Untracked 
| 154|0x0000000089a00000, 0x0000000089a00000, 0x0000000089b00000|  0%| F|  |TAMS 0x0000000089a00000, 0x0000000089a00000| Untracked 
| 155|0x0000000089b00000, 0x0000000089b00000, 0x0000000089c00000|  0%| F|  |TAMS 0x0000000089b00000, 0x0000000089b00000| Untracked 
| 156|0x0000000089c00000, 0x0000000089c00000, 0x0000000089d00000|  0%| F|  |TAMS 0x0000000089c00000, 0x0000000089c00000| Untracked 
| 157|0x0000000089d00000, 0x0000000089d00000, 0x0000000089e00000|  0%| F|  |TAMS 0x0000000089d00000, 0x0000000089d00000| Untracked 
| 158|0x0000000089e00000, 0x0000000089e00000, 0x0000000089f00000|  0%| F|  |TAMS 0x0000000089e00000, 0x0000000089e00000| Untracked 
| 159|0x0000000089f00000, 0x0000000089f00000, 0x000000008a000000|  0%| F|  |TAMS 0x0000000089f00000, 0x0000000089f00000| Untracked 
| 160|0x000000008a000000, 0x000000008a000000, 0x000000008a100000|  0%| F|  |TAMS 0x000000008a000000, 0x000000008a000000| Untracked 
| 161|0x000000008a100000, 0x000000008a100000, 0x000000008a200000|  0%| F|  |TAMS 0x000000008a100000, 0x000000008a100000| Untracked 
| 162|0x000000008a200000, 0x000000008a200000, 0x000000008a300000|  0%| F|  |TAMS 0x000000008a200000, 0x000000008a200000| Untracked 
| 163|0x000000008a300000, 0x000000008a300000, 0x000000008a400000|  0%| F|  |TAMS 0x000000008a300000, 0x000000008a300000| Untracked 
| 164|0x000000008a400000, 0x000000008a400000, 0x000000008a500000|  0%| F|  |TAMS 0x000000008a400000, 0x000000008a400000| Untracked 
| 165|0x000000008a500000, 0x000000008a500000, 0x000000008a600000|  0%| F|  |TAMS 0x000000008a500000, 0x000000008a500000| Untracked 
| 166|0x000000008a600000, 0x000000008a600000, 0x000000008a700000|  0%| F|  |TAMS 0x000000008a600000, 0x000000008a600000| Untracked 
| 167|0x000000008a700000, 0x000000008a700000, 0x000000008a800000|  0%| F|  |TAMS 0x000000008a700000, 0x000000008a700000| Untracked 
| 168|0x000000008a800000, 0x000000008a800000, 0x000000008a900000|  0%| F|  |TAMS 0x000000008a800000, 0x000000008a800000| Untracked 
| 169|0x000000008a900000, 0x000000008a900000, 0x000000008aa00000|  0%| F|  |TAMS 0x000000008a900000, 0x000000008a900000| Untracked 
| 170|0x000000008aa00000, 0x000000008aa00000, 0x000000008ab00000|  0%| F|  |TAMS 0x000000008aa00000, 0x000000008aa00000| Untracked 
| 171|0x000000008ab00000, 0x000000008ab00000, 0x000000008ac00000|  0%| F|  |TAMS 0x000000008ab00000, 0x000000008ab00000| Untracked 
| 172|0x000000008ac00000, 0x000000008ac00000, 0x000000008ad00000|  0%| F|  |TAMS 0x000000008ac00000, 0x000000008ac00000| Untracked 
| 173|0x000000008ad00000, 0x000000008ad00000, 0x000000008ae00000|  0%| F|  |TAMS 0x000000008ad00000, 0x000000008ad00000| Untracked 
| 174|0x000000008ae00000, 0x000000008ae00000, 0x000000008af00000|  0%| F|  |TAMS 0x000000008ae00000, 0x000000008ae00000| Untracked 
| 175|0x000000008af00000, 0x000000008af00000, 0x000000008b000000|  0%| F|  |TAMS 0x000000008af00000, 0x000000008af00000| Untracked 
| 176|0x000000008b000000, 0x000000008b000000, 0x000000008b100000|  0%| F|  |TAMS 0x000000008b000000, 0x000000008b000000| Untracked 
| 177|0x000000008b100000, 0x000000008b100000, 0x000000008b200000|  0%| F|  |TAMS 0x000000008b100000, 0x000000008b100000| Untracked 
| 178|0x000000008b200000, 0x000000008b200000, 0x000000008b300000|  0%| F|  |TAMS 0x000000008b200000, 0x000000008b200000| Untracked 
| 179|0x000000008b300000, 0x000000008b300000, 0x000000008b400000|  0%| F|  |TAMS 0x000000008b300000, 0x000000008b300000| Untracked 
| 180|0x000000008b400000, 0x000000008b400000, 0x000000008b500000|  0%| F|  |TAMS 0x000000008b400000, 0x000000008b400000| Untracked 
| 181|0x000000008b500000, 0x000000008b500000, 0x000000008b600000|  0%| F|  |TAMS 0x000000008b500000, 0x000000008b500000| Untracked 
| 182|0x000000008b600000, 0x000000008b600000, 0x000000008b700000|  0%| F|  |TAMS 0x000000008b600000, 0x000000008b600000| Untracked 
| 183|0x000000008b700000, 0x000000008b700000, 0x000000008b800000|  0%| F|  |TAMS 0x000000008b700000, 0x000000008b700000| Untracked 
| 184|0x000000008b800000, 0x000000008b800000, 0x000000008b900000|  0%| F|  |TAMS 0x000000008b800000, 0x000000008b800000| Untracked 
| 185|0x000000008b900000, 0x000000008b900000, 0x000000008ba00000|  0%| F|  |TAMS 0x000000008b900000, 0x000000008b900000| Untracked 
| 186|0x000000008ba00000, 0x000000008ba00000, 0x000000008bb00000|  0%| F|  |TAMS 0x000000008ba00000, 0x000000008ba00000| Untracked 
| 187|0x000000008bb00000, 0x000000008bb00000, 0x000000008bc00000|  0%| F|  |TAMS 0x000000008bb00000, 0x000000008bb00000| Untracked 
| 188|0x000000008bc00000, 0x000000008bc00000, 0x000000008bd00000|  0%| F|  |TAMS 0x000000008bc00000, 0x000000008bc00000| Untracked 
| 189|0x000000008bd00000, 0x000000008bd00000, 0x000000008be00000|  0%| F|  |TAMS 0x000000008bd00000, 0x000000008bd00000| Untracked 
| 190|0x000000008be00000, 0x000000008be00000, 0x000000008bf00000|  0%| F|  |TAMS 0x000000008be00000, 0x000000008be00000| Untracked 
| 191|0x000000008bf00000, 0x000000008bf00000, 0x000000008c000000|  0%| F|  |TAMS 0x000000008bf00000, 0x000000008bf00000| Untracked 
| 192|0x000000008c000000, 0x000000008c000000, 0x000000008c100000|  0%| F|  |TAMS 0x000000008c000000, 0x000000008c000000| Untracked 
| 193|0x000000008c100000, 0x000000008c100000, 0x000000008c200000|  0%| F|  |TAMS 0x000000008c100000, 0x000000008c100000| Untracked 
| 194|0x000000008c200000, 0x000000008c200000, 0x000000008c300000|  0%| F|  |TAMS 0x000000008c200000, 0x000000008c200000| Untracked 
| 195|0x000000008c300000, 0x000000008c300000, 0x000000008c400000|  0%| F|  |TAMS 0x000000008c300000, 0x000000008c300000| Untracked 
| 196|0x000000008c400000, 0x000000008c400000, 0x000000008c500000|  0%| F|  |TAMS 0x000000008c400000, 0x000000008c400000| Untracked 
| 197|0x000000008c500000, 0x000000008c500000, 0x000000008c600000|  0%| F|  |TAMS 0x000000008c500000, 0x000000008c500000| Untracked 
| 198|0x000000008c600000, 0x000000008c619788, 0x000000008c700000|  9%| S|CS|TAMS 0x000000008c600000, 0x000000008c600000| Complete 
| 199|0x000000008c700000, 0x000000008c800000, 0x000000008c800000|100%| S|CS|TAMS 0x000000008c700000, 0x000000008c700000| Complete 
| 200|0x000000008c800000, 0x000000008c800000, 0x000000008c900000|  0%| F|  |TAMS 0x000000008c800000, 0x000000008c800000| Untracked 
| 201|0x000000008c900000, 0x000000008c900000, 0x000000008ca00000|  0%| F|  |TAMS 0x000000008c900000, 0x000000008c900000| Untracked 
| 202|0x000000008ca00000, 0x000000008ca00000, 0x000000008cb00000|  0%| F|  |TAMS 0x000000008ca00000, 0x000000008ca00000| Untracked 
| 203|0x000000008cb00000, 0x000000008cb00000, 0x000000008cc00000|  0%| F|  |TAMS 0x000000008cb00000, 0x000000008cb00000| Untracked 
| 204|0x000000008cc00000, 0x000000008cc00000, 0x000000008cd00000|  0%| F|  |TAMS 0x000000008cc00000, 0x000000008cc00000| Untracked 

Card table byte_map: [0x000002452e9a0000,0x000002452eda0000] _byte_map_base: 0x000002452e5a0000

Marking Bits (Prev, Next): (CMBitMap*) 0x000002451b7c0980, (CMBitMap*) 0x000002451b7c0948
 Prev Bits: [0x00000245311a0000, 0x00000245331a0000)
 Next Bits: [0x000002452f1a0000, 0x00000245311a0000)

Polling page: 0x000002451af50000

Metaspace:

Usage:
  Non-class:     90.22 MB capacity,    88.58 MB ( 98%) used,     1.34 MB (  1%) free+waste,   311.38 KB ( <1%) overhead. 
      Class:     13.71 MB capacity,    12.75 MB ( 93%) used,   846.92 KB (  6%) free+waste,   137.00 KB ( <1%) overhead. 
       Both:    103.93 MB capacity,   101.32 MB ( 97%) used,     2.17 MB (  2%) free+waste,   448.38 KB ( <1%) overhead. 

Virtual space:
  Non-class space:       92.00 MB reserved,      90.45 MB ( 98%) committed 
      Class space:        1.00 GB reserved,      13.75 MB (  1%) committed 
             Both:        1.09 GB reserved,     104.20 MB (  9%) committed 

Chunk freelists:
   Non-Class:  38.00 KB
       Class:  12.00 KB
        Both:  50.00 KB

MaxMetaspaceSize: 17179869184.00 GB
CompressedClassSpaceSize: 1.00 GB

CodeHeap 'non-profiled nmethods': size=120000Kb used=11259Kb max_used=11259Kb free=108740Kb
 bounds [0x0000024526d40000, 0x0000024527840000, 0x000002452e270000]
CodeHeap 'profiled nmethods': size=120000Kb used=34932Kb max_used=34932Kb free=85067Kb
 bounds [0x000002451f810000, 0x0000024521a30000, 0x0000024526d40000]
CodeHeap 'non-nmethods': size=5760Kb used=2319Kb max_used=2373Kb free=3440Kb
 bounds [0x000002451f270000, 0x000002451f4e0000, 0x000002451f810000]
 total_blobs=16766 nmethods=15832 adapters=844
 compilation: enabled
              stopped_count=0, restarted_count=0
 full_count=0

Compilation events (20 events):
Event: 495.360 Thread 0x000002453659e800 nmethod 15933 0x0000024521a25810 code [0x0000024521a25bc0, 0x0000024521a27688]
Event: 495.360 Thread 0x000002453659e800 15934       3       com.sun.tools.javac.code.Scope$ScopeImpl::getSymbols (9 bytes)
Event: 495.360 Thread 0x0000024535c28000 15940       4       com.sun.tools.javac.code.Types::interfaces (12 bytes)
Event: 495.360 Thread 0x000002453659e800 nmethod 15934 0x0000024521a27e10 code [0x0000024521a28000, 0x0000024521a285d8]
Event: 495.360 Thread 0x000002453659e800 15939       3       com.sun.tools.javac.code.Symbol$ClassSymbol::isSubClass (129 bytes)
Event: 495.362 Thread 0x000002453659e800 nmethod 15939 0x0000024521a28810 code [0x0000024521a28b00, 0x0000024521a29ee8]
Event: 495.362 Thread 0x000002453659e800 15935       3       com.sun.tools.javac.code.Scope$ScopeImpl$$Lambda$1308/0x0000000100d66040::get$Lambda (11 bytes)
Event: 495.362 Thread 0x000002453659e800 nmethod 15935 0x0000024521a2a490 code [0x0000024521a2a660, 0x0000024521a2a978]
Event: 495.362 Thread 0x000002453659e800 15936       3       com.sun.tools.javac.code.Scope$ScopeImpl$$Lambda$1308/0x0000000100d66040::<init> (20 bytes)
Event: 495.362 Thread 0x0000024535c28000 nmethod 15940 0x000002452783eb10 code [0x000002452783ecc0, 0x000002452783edd8]
Event: 495.362 Thread 0x000002453659e800 nmethod 15936 0x0000024521a2aa90 code [0x0000024521a2ac40, 0x0000024521a2aeb8]
Event: 495.362 Thread 0x000002453659e800 15941       3       com.sun.tools.javac.util.Assert::check (9 bytes)
Event: 495.362 Thread 0x000002453659e800 nmethod 15941 0x0000024521a2af90 code [0x0000024521a2b160, 0x0000024521a2b3a8]
Event: 495.362 Thread 0x000002453659e800 15942       3       com.sun.tools.javac.code.Symbol$MethodSymbol::binaryImplementation (97 bytes)
Event: 495.363 Thread 0x000002453659e800 nmethod 15942 0x0000024521a2b510 code [0x0000024521a2b7a0, 0x0000024521a2c5a8]
Event: 495.363 Thread 0x000002453659e800 15937       3       com.sun.tools.javac.code.Scope$ScopeImpl$$Lambda$1308/0x0000000100d66040::iterator (16 bytes)
Event: 495.363 Thread 0x000002453659e800 nmethod 15937 0x0000024521a2ca10 code [0x0000024521a2cbe0, 0x0000024521a2cde8]
Event: 495.363 Thread 0x000002453659e800 15938       3       com.sun.tools.javac.code.Scope$ScopeImpl::lambda$getSymbols$1 (11 bytes)
Event: 495.363 Thread 0x000002453659e800 nmethod 15938 0x0000024521a2cf10 code [0x0000024521a2d0c0, 0x0000024521a2d268]
Event: 495.363 Thread 0x000002453659e800 15944       3       com.sun.tools.javac.code.Symbol::isMemberOf (47 bytes)

GC Heap History (20 events):
Event: 493.521 GC heap after
{Heap after GC invocations=60 (full 0):
 garbage-first heap   total 131072K, used 100857K [0x0000000080000000, 0x0000000100000000)
  region size 1024K, 1 young (1024K), 1 survivors (1024K)
 Metaspace       used 103030K, capacity 105622K, committed 105932K, reserved 1140736K
  class space    used 13006K, capacity 13967K, committed 14080K, reserved 1048576K
}
Event: 493.578 GC heap before
{Heap before GC invocations=60 (full 0):
 garbage-first heap   total 131072K, used 105977K [0x0000000080000000, 0x0000000100000000)
  region size 1024K, 8 young (8192K), 1 survivors (1024K)
 Metaspace       used 103033K, capacity 105622K, committed 105932K, reserved 1140736K
  class space    used 13006K, capacity 13967K, committed 14080K, reserved 1048576K
}
Event: 493.580 GC heap after
{Heap after GC invocations=61 (full 0):
 garbage-first heap   total 131072K, used 99927K [0x0000000080000000, 0x0000000100000000)
  region size 1024K, 1 young (1024K), 1 survivors (1024K)
 Metaspace       used 103033K, capacity 105622K, committed 105932K, reserved 1140736K
  class space    used 13006K, capacity 13967K, committed 14080K, reserved 1048576K
}
Event: 493.630 GC heap before
{Heap before GC invocations=62 (full 0):
 garbage-first heap   total 131072K, used 108119K [0x0000000080000000, 0x0000000100000000)
  region size 1024K, 9 young (9216K), 1 survivors (1024K)
 Metaspace       used 103054K, capacity 105626K, committed 105932K, reserved 1140736K
  class space    used 13008K, capacity 13968K, committed 14080K, reserved 1048576K
}
Event: 493.632 GC heap after
{Heap after GC invocations=63 (full 0):
 garbage-first heap   total 131072K, used 100552K [0x0000000080000000, 0x0000000100000000)
  region size 1024K, 2 young (2048K), 2 survivors (2048K)
 Metaspace       used 103054K, capacity 105626K, committed 105932K, reserved 1140736K
  class space    used 13008K, capacity 13968K, committed 14080K, reserved 1048576K
}
Event: 493.643 GC heap before
{Heap before GC invocations=63 (full 0):
 garbage-first heap   total 131072K, used 104648K [0x0000000080000000, 0x0000000100000000)
  region size 1024K, 6 young (6144K), 2 survivors (2048K)
 Metaspace       used 103054K, capacity 105626K, committed 105932K, reserved 1140736K
  class space    used 13008K, capacity 13968K, committed 14080K, reserved 1048576K
}
Event: 493.647 GC heap after
{Heap after GC invocations=64 (full 0):
 garbage-first heap   total 131072K, used 99287K [0x0000000080000000, 0x0000000100000000)
  region size 1024K, 1 young (1024K), 1 survivors (1024K)
 Metaspace       used 103054K, capacity 105626K, committed 105932K, reserved 1140736K
  class space    used 13008K, capacity 13968K, committed 14080K, reserved 1048576K
}
Event: 493.677 GC heap before
{Heap before GC invocations=64 (full 0):
 garbage-first heap   total 131072K, used 107479K [0x0000000080000000, 0x0000000100000000)
  region size 1024K, 9 young (9216K), 1 survivors (1024K)
 Metaspace       used 103061K, capacity 105626K, committed 105932K, reserved 1140736K
  class space    used 13008K, capacity 13968K, committed 14080K, reserved 1048576K
}
Event: 493.681 GC heap after
{Heap after GC invocations=65 (full 0):
 garbage-first heap   total 131072K, used 101610K [0x0000000080000000, 0x0000000100000000)
  region size 1024K, 2 young (2048K), 2 survivors (2048K)
 Metaspace       used 103061K, capacity 105626K, committed 105932K, reserved 1140736K
  class space    used 13008K, capacity 13968K, committed 14080K, reserved 1048576K
}
Event: 493.779 GC heap before
{Heap before GC invocations=65 (full 0):
 garbage-first heap   total 131072K, used 124138K [0x0000000080000000, 0x0000000100000000)
  region size 1024K, 10 young (10240K), 2 survivors (2048K)
 Metaspace       used 103062K, capacity 105690K, committed 105932K, reserved 1140736K
  class space    used 13008K, capacity 13968K, committed 14080K, reserved 1048576K
}
Event: 493.787 GC heap after
{Heap after GC invocations=66 (full 0):
 garbage-first heap   total 133120K, used 106712K [0x0000000080000000, 0x0000000100000000)
  region size 1024K, 2 young (2048K), 2 survivors (2048K)
 Metaspace       used 103062K, capacity 105690K, committed 105932K, reserved 1140736K
  class space    used 13008K, capacity 13968K, committed 14080K, reserved 1048576K
}
Event: 493.924 GC heap before
{Heap before GC invocations=67 (full 0):
 garbage-first heap   total 133120K, used 112856K [0x0000000080000000, 0x0000000100000000)
  region size 1024K, 8 young (8192K), 2 survivors (2048K)
 Metaspace       used 103121K, capacity 105717K, committed 105932K, reserved 1140736K
  class space    used 13012K, capacity 13975K, committed 14080K, reserved 1048576K
}
Event: 493.931 GC heap after
{Heap after GC invocations=68 (full 0):
 garbage-first heap   total 209920K, used 107534K [0x0000000080000000, 0x0000000100000000)
  region size 1024K, 1 young (1024K), 1 survivors (1024K)
 Metaspace       used 103121K, capacity 105717K, committed 105932K, reserved 1140736K
  class space    used 13012K, capacity 13975K, committed 14080K, reserved 1048576K
}
Event: 494.050 GC heap before
{Heap before GC invocations=68 (full 0):
 garbage-first heap   total 209920K, used 115726K [0x0000000080000000, 0x0000000100000000)
  region size 1024K, 10 young (10240K), 1 survivors (1024K)
 Metaspace       used 103216K, capacity 105880K, committed 106188K, reserved 1140736K
  class space    used 13017K, capacity 13984K, committed 14080K, reserved 1048576K
}
Event: 494.056 GC heap after
{Heap after GC invocations=69 (full 0):
 garbage-first heap   total 209920K, used 108028K [0x0000000080000000, 0x0000000100000000)
  region size 1024K, 2 young (2048K), 2 survivors (2048K)
 Metaspace       used 103216K, capacity 105880K, committed 106188K, reserved 1140736K
  class space    used 13017K, capacity 13984K, committed 14080K, reserved 1048576K
}
Event: 494.928 GC heap before
{Heap before GC invocations=69 (full 0):
 garbage-first heap   total 209920K, used 138748K [0x0000000080000000, 0x0000000100000000)
  region size 1024K, 32 young (32768K), 2 survivors (2048K)
 Metaspace       used 103278K, capacity 105917K, committed 106188K, reserved 1140736K
  class space    used 13024K, capacity 13996K, committed 14080K, reserved 1048576K
}
Event: 494.938 GC heap after
{Heap after GC invocations=70 (full 0):
 garbage-first heap   total 209920K, used 112562K [0x0000000080000000, 0x0000000100000000)
  region size 1024K, 4 young (4096K), 4 survivors (4096K)
 Metaspace       used 103278K, capacity 105917K, committed 106188K, reserved 1140736K
  class space    used 13024K, capacity 13996K, committed 14080K, reserved 1048576K
}
Event: 495.247 GC heap before
{Heap before GC invocations=71 (full 0):
 garbage-first heap   total 209920K, used 136114K [0x0000000080000000, 0x0000000100000000)
  region size 1024K, 36 young (36864K), 4 survivors (4096K)
 Metaspace       used 103460K, capacity 106071K, committed 106188K, reserved 1140736K
  class space    used 13036K, capacity 14004K, committed 14080K, reserved 1048576K
}
Event: 495.257 GC heap after
{Heap after GC invocations=72 (full 0):
 garbage-first heap   total 209920K, used 111211K [0x0000000080000000, 0x0000000100000000)
  region size 1024K, 5 young (5120K), 5 survivors (5120K)
 Metaspace       used 103460K, capacity 106071K, committed 106188K, reserved 1140736K
  class space    used 13036K, capacity 14004K, committed 14080K, reserved 1048576K
}
Event: 495.364 GC heap before
{Heap before GC invocations=72 (full 0):
 garbage-first heap   total 209920K, used 115307K [0x0000000080000000, 0x0000000100000000)
  region size 1024K, 10 young (10240K), 5 survivors (5120K)
 Metaspace       used 103755K, capacity 106426K, committed 106700K, reserved 1142784K
  class space    used 13052K, capacity 14036K, committed 14080K, reserved 1048576K
}

Deoptimization events (20 events):
Event: 495.049 Thread 0x000002453c834000 DEOPT PACKING pc=0x000002452780c148 sp=0x00000049d37f54c0
Event: 495.049 Thread 0x000002453c834000 DEOPT UNPACKING pc=0x000002451f29662f sp=0x00000049d37f5450 mode 2
Event: 495.050 Thread 0x000002453c834000 Uncommon trap: trap_request=0xffffffbe fr.pc=0x000002452780c148 relative=0x0000000000000488
Event: 495.050 Thread 0x000002453c834000 Uncommon trap: reason=profile_predicate action=maybe_recompile pc=0x000002452780c148 method=sun.nio.fs.WindowsPath.hashCode()I @ 19 c2
Event: 495.050 Thread 0x000002453c834000 DEOPT PACKING pc=0x000002452780c148 sp=0x00000049d37f54c0
Event: 495.050 Thread 0x000002453c834000 DEOPT UNPACKING pc=0x000002451f29662f sp=0x00000049d37f5450 mode 2
Event: 495.050 Thread 0x000002453c834000 Uncommon trap: trap_request=0xffffffbe fr.pc=0x000002452780c148 relative=0x0000000000000488
Event: 495.050 Thread 0x000002453c834000 Uncommon trap: reason=profile_predicate action=maybe_recompile pc=0x000002452780c148 method=sun.nio.fs.WindowsPath.hashCode()I @ 19 c2
Event: 495.050 Thread 0x000002453c834000 DEOPT PACKING pc=0x000002452780c148 sp=0x00000049d37f54c0
Event: 495.050 Thread 0x000002453c834000 DEOPT UNPACKING pc=0x000002451f29662f sp=0x00000049d37f5450 mode 2
Event: 495.050 Thread 0x000002453c834000 Uncommon trap: trap_request=0xffffffbe fr.pc=0x000002452780c148 relative=0x0000000000000488
Event: 495.050 Thread 0x000002453c834000 Uncommon trap: reason=profile_predicate action=maybe_recompile pc=0x000002452780c148 method=sun.nio.fs.WindowsPath.hashCode()I @ 19 c2
Event: 495.050 Thread 0x000002453c834000 DEOPT PACKING pc=0x000002452780c148 sp=0x00000049d37f54c0
Event: 495.050 Thread 0x000002453c834000 DEOPT UNPACKING pc=0x000002451f29662f sp=0x00000049d37f5450 mode 2
Event: 495.114 Thread 0x000002453c834000 Uncommon trap: trap_request=0xffffff4d fr.pc=0x00000245271aad9c relative=0x000000000000153c
Event: 495.114 Thread 0x000002453c834000 Uncommon trap: reason=unstable_if action=reinterpret pc=0x00000245271aad9c method=java.util.regex.Pattern.sequence(Ljava/util/regex/Pattern$Node;)Ljava/util/regex/Pattern$Node; @ 471 c2
Event: 495.114 Thread 0x000002453c834000 DEOPT PACKING pc=0x00000245271aad9c sp=0x00000049d37f4bb0
Event: 495.114 Thread 0x000002453c834000 DEOPT UNPACKING pc=0x000002451f29662f sp=0x00000049d37f4b70 mode 2
Event: 495.115 Thread 0x000002453c834000 DEOPT PACKING pc=0x0000024521993f8c sp=0x00000049d37f5510
Event: 495.115 Thread 0x000002453c834000 DEOPT UNPACKING pc=0x000002451f296dde sp=0x00000049d37f4c90 mode 0

Classes redefined (0 events):
No events

Internal exceptions (20 events):
Event: 385.059 Thread 0x00000245389a9800 Exception <a 'sun/nio/fs/WindowsException'{0x0000000087b20410}> (0x0000000087b20410) thrown at [./src/hotspot/share/prims/jni.cpp, line 615]
Event: 385.060 Thread 0x00000245389a9800 Exception <a 'sun/nio/fs/WindowsException'{0x0000000087b22478}> (0x0000000087b22478) thrown at [./src/hotspot/share/prims/jni.cpp, line 615]
Event: 385.349 Thread 0x00000245389a3000 Exception <a 'java/lang/NoSuchMethodError'{0x0000000087732768}: <clinit>> (0x0000000087732768) thrown at [./src/hotspot/share/prims/jni.cpp, line 1362]
Event: 385.351 Thread 0x00000245389a3000 Exception <a 'java/lang/NoSuchMethodError'{0x000000008774b7b0}: <clinit>> (0x000000008774b7b0) thrown at [./src/hotspot/share/prims/jni.cpp, line 1362]
Event: 385.351 Thread 0x00000245389a3000 Exception <a 'java/lang/NoSuchMethodError'{0x000000008774d358}: <clinit>> (0x000000008774d358) thrown at [./src/hotspot/share/prims/jni.cpp, line 1362]
Event: 385.352 Thread 0x00000245389a3000 Exception <a 'java/lang/NoSuchMethodError'{0x0000000087763f70}: <clinit>> (0x0000000087763f70) thrown at [./src/hotspot/share/prims/jni.cpp, line 1362]
Event: 385.353 Thread 0x00000245389a3000 Exception <a 'java/lang/NoSuchMethodError'{0x0000000087772ec8}: <clinit>> (0x0000000087772ec8) thrown at [./src/hotspot/share/prims/jni.cpp, line 1362]
Event: 385.358 Thread 0x00000245389a3000 Exception <a 'java/lang/NoSuchMethodError'{0x000000008778cff0}: <clinit>> (0x000000008778cff0) thrown at [./src/hotspot/share/prims/jni.cpp, line 1362]
Event: 492.939 Thread 0x000002453c834000 Exception <a 'sun/nio/fs/WindowsException'{0x0000000087bcd078}> (0x0000000087bcd078) thrown at [./src/hotspot/share/prims/jni.cpp, line 615]
Event: 493.063 Thread 0x000002453c834000 Exception <a 'java/lang/NoClassDefFoundError'{0x00000000878edd00}: org/jetbrains/kotlin/gradle/plugin/KotlinBasePluginWrapper> (0x00000000878edd00) thrown at [./src/hotspot/share/oops/constantPool.cpp, line 775]
Event: 493.097 Thread 0x000002453c834000 Exception <a 'sun/nio/fs/WindowsException'{0x0000000087628ab0}> (0x0000000087628ab0) thrown at [./src/hotspot/share/prims/jni.cpp, line 615]
Event: 493.104 Thread 0x000002453c834000 Exception <a 'sun/nio/fs/WindowsException'{0x00000000876cbe38}> (0x00000000876cbe38) thrown at [./src/hotspot/share/prims/jni.cpp, line 615]
Event: 493.105 Thread 0x000002453c834000 Exception <a 'sun/nio/fs/WindowsException'{0x00000000876cd178}> (0x00000000876cd178) thrown at [./src/hotspot/share/prims/jni.cpp, line 615]
Event: 493.105 Thread 0x000002453c834000 Exception <a 'sun/nio/fs/WindowsException'{0x00000000876ce508}> (0x00000000876ce508) thrown at [./src/hotspot/share/prims/jni.cpp, line 615]
Event: 493.105 Thread 0x000002453c834000 Exception <a 'sun/nio/fs/WindowsException'{0x00000000876cf898}> (0x00000000876cf898) thrown at [./src/hotspot/share/prims/jni.cpp, line 615]
Event: 493.429 Thread 0x000002453f300800 Implicit null exception at 0x000002452747a153 to 0x000002452747aeac
Event: 494.915 Thread 0x000002453f303000 Exception <a 'sun/nio/fs/WindowsException'{0x000000008b221598}> (0x000000008b221598) thrown at [./src/hotspot/share/prims/jni.cpp, line 615]
Event: 494.915 Thread 0x000002453f303000 Exception <a 'sun/nio/fs/WindowsException'{0x000000008b221680}> (0x000000008b221680) thrown at [./src/hotspot/share/prims/jni.cpp, line 615]
Event: 495.122 Thread 0x000002453c834000 Exception <a 'sun/nio/fs/WindowsException'{0x000000008c168940}> (0x000000008c168940) thrown at [./src/hotspot/share/prims/jni.cpp, line 615]
Event: 495.122 Thread 0x000002453c834000 Exception <a 'sun/nio/fs/WindowsException'{0x000000008c168a48}> (0x000000008c168a48) thrown at [./src/hotspot/share/prims/jni.cpp, line 615]

Events (20 events):
Event: 495.008 loading class org/gradle/internal/file/impl/DefaultDeleter$Handling$3 done
Event: 495.009 loading class org/gradle/internal/file/impl/DefaultDeleter$Handling$4
Event: 495.009 loading class org/gradle/internal/file/impl/DefaultDeleter$Handling$4 done
Event: 495.018 Executing VM operation: CGC_Operation
Event: 495.031 Executing VM operation: CGC_Operation done
Event: 495.032 loading class org/gradle/internal/snapshot/FileSystemSnapshot
Event: 495.032 loading class org/gradle/internal/snapshot/FileSystemSnapshot done
Event: 495.032 loading class org/gradle/internal/snapshot/FileSystemSnapshot
Event: 495.032 loading class org/gradle/internal/snapshot/FileSystemSnapshot done
Event: 495.075 Executing VM operation: CGC_Operation
Event: 495.075 Executing VM operation: CGC_Operation done
Event: 495.110 Executing VM operation: Deoptimize
Event: 495.114 Executing VM operation: Deoptimize done
Event: 495.246 loading class com/sun/tools/javac/comp/Attr
Event: 495.246 loading class com/sun/tools/javac/comp/Attr done
Event: 495.246 loading class com/sun/tools/javac/code/Symbol$VarSymbol
Event: 495.246 loading class com/sun/tools/javac/code/Symbol$VarSymbol done
Event: 495.247 Executing VM operation: G1CollectForAllocation
Event: 495.257 Executing VM operation: G1CollectForAllocation done
Event: 495.364 Executing VM operation: G1CollectForAllocation


Dynamic libraries:
0x00007ff6d0b80000 - 0x00007ff6d0b8a000 	C:\Program Files\Android\Android Studio\jre\bin\java.exe
0x00007ffad49c0000 - 0x00007ffad4bb0000 	C:\Windows\SYSTEM32\ntdll.dll
0x00007ffad41c0000 - 0x00007ffad4272000 	C:\Windows\System32\KERNEL32.DLL
0x00007ffad19b0000 - 0x00007ffad1c53000 	C:\Windows\System32\KERNELBASE.dll
0x00007ffad1e80000 - 0x00007ffad1f7a000 	C:\Windows\System32\ucrtbase.dll
0x00007ffac4f80000 - 0x00007ffac4f97000 	C:\Program Files\Android\Android Studio\jre\bin\VCRUNTIME140.dll
0x00007ffab6780000 - 0x00007ffab6799000 	C:\Program Files\Android\Android Studio\jre\bin\jli.dll
0x00007ffad4570000 - 0x00007ffad4704000 	C:\Windows\System32\USER32.dll
0x00007ffabe0b0000 - 0x00007ffabe335000 	C:\Windows\WinSxS\amd64_microsoft.windows.common-controls_6595b64144ccf1df_6.0.18362.752_none_e6c0b5ed1312b70c\COMCTL32.dll
0x00007ffad1dd0000 - 0x00007ffad1df1000 	C:\Windows\System32\win32u.dll
0x00007ffad39b0000 - 0x00007ffad3a4e000 	C:\Windows\System32\msvcrt.dll
0x00007ffad3ad0000 - 0x00007ffad3af6000 	C:\Windows\System32\GDI32.dll
0x00007ffad33a0000 - 0x00007ffad36d6000 	C:\Windows\System32\combase.dll
0x00007ffad28d0000 - 0x00007ffad2a64000 	C:\Windows\System32\gdi32full.dll
0x00007ffad36e0000 - 0x00007ffad3800000 	C:\Windows\System32\RPCRT4.dll
0x00007ffad1f80000 - 0x00007ffad201e000 	C:\Windows\System32\msvcp_win.dll
0x00007ffad2850000 - 0x00007ffad28d0000 	C:\Windows\System32\bcryptPrimitives.dll
0x00007ffad4450000 - 0x00007ffad447e000 	C:\Windows\System32\IMM32.DLL
0x00007ffab30e0000 - 0x00007ffab317d000 	C:\Program Files\Android\Android Studio\jre\bin\msvcp140.dll
0x00007ffa9f6d0000 - 0x00007ffaa01a5000 	C:\Program Files\Android\Android Studio\jre\bin\server\jvm.dll
0x00007ffad2b50000 - 0x00007ffad2bf3000 	C:\Windows\System32\ADVAPI32.dll
0x00007ffad4340000 - 0x00007ffad43d7000 	C:\Windows\System32\sechost.dll
0x00007ffad4560000 - 0x00007ffad4568000 	C:\Windows\System32\PSAPI.DLL
0x00007ffacf8f0000 - 0x00007ffacf8f9000 	C:\Windows\SYSTEM32\WSOCK32.dll
0x00007ffacdf70000 - 0x00007ffacdf94000 	C:\Windows\SYSTEM32\WINMM.dll
0x00007ffacae70000 - 0x00007ffacae7a000 	C:\Windows\SYSTEM32\VERSION.dll
0x00007ffad47d0000 - 0x00007ffad483f000 	C:\Windows\System32\WS2_32.dll
0x00007ffacdf40000 - 0x00007ffacdf6d000 	C:\Windows\SYSTEM32\WINMMBASE.dll
0x00007ffad1e30000 - 0x00007ffad1e7a000 	C:\Windows\System32\cfgmgr32.dll
0x00007ffad1890000 - 0x00007ffad18a1000 	C:\Windows\System32\kernel.appcore.dll
0x00007ffaca310000 - 0x00007ffaca321000 	C:\Program Files\Android\Android Studio\jre\bin\verify.dll
0x00007ffab0cd0000 - 0x00007ffab0ec4000 	C:\Windows\SYSTEM32\DBGHELP.DLL
0x00007ffab1190000 - 0x00007ffab11ba000 	C:\Windows\SYSTEM32\dbgcore.DLL
0x00007ffac4ec0000 - 0x00007ffac4ee9000 	C:\Program Files\Android\Android Studio\jre\bin\java.dll
0x00007ffaca300000 - 0x00007ffaca30b000 	C:\Program Files\Android\Android Studio\jre\bin\jimage.dll
0x00007ffac4ea0000 - 0x00007ffac4eb8000 	C:\Program Files\Android\Android Studio\jre\bin\zip.dll
0x00007ffad2c00000 - 0x00007ffad32e5000 	C:\Windows\System32\SHELL32.dll
0x00007ffad32f0000 - 0x00007ffad3399000 	C:\Windows\System32\shcore.dll
0x00007ffad2020000 - 0x00007ffad27a0000 	C:\Windows\System32\windows.storage.dll
0x00007ffad18b0000 - 0x00007ffad18d3000 	C:\Windows\System32\profapi.dll
0x00007ffad1900000 - 0x00007ffad194a000 	C:\Windows\System32\powrprof.dll
0x00007ffad1880000 - 0x00007ffad1890000 	C:\Windows\System32\UMPDC.dll
0x00007ffad42e0000 - 0x00007ffad4332000 	C:\Windows\System32\shlwapi.dll
0x00007ffad1db0000 - 0x00007ffad1dc7000 	C:\Windows\System32\cryptsp.dll
0x00007ffac4e80000 - 0x00007ffac4e9a000 	C:\Program Files\Android\Android Studio\jre\bin\net.dll
0x00007ffac52e0000 - 0x00007ffac53d1000 	C:\Windows\SYSTEM32\WINHTTP.dll
0x00007ffad10f0000 - 0x00007ffad1157000 	C:\Windows\system32\mswsock.dll
0x00007ffac4e60000 - 0x00007ffac4e74000 	C:\Program Files\Android\Android Studio\jre\bin\nio.dll
0x00007ffab3c90000 - 0x00007ffab3cb7000 	C:\Users\2022\.gradle\native\e1d6ef7f7dcc3fd88c89a11ec53ec762bb8ba0a96d01ffa2cd45eb1d1d8dd5c5\windows-amd64\native-platform.dll
0x00007ffa9ea20000 - 0x00007ffa9eb64000 	C:\Users\2022\.gradle\native\5664cfc778a61ccfe75a443a1ab52a65af34e5dc3c78e0209fed803814484fcb\windows-amd64\native-platform-file-events.dll
0x00007ffacab30000 - 0x00007ffacab3a000 	C:\Program Files\Android\Android Studio\jre\bin\management.dll
0x00007ffac4f70000 - 0x00007ffac4f7d000 	C:\Program Files\Android\Android Studio\jre\bin\management_ext.dll
0x00007ffad0c60000 - 0x00007ffad0c93000 	C:\Windows\system32\rsaenh.dll
0x00007ffad1e00000 - 0x00007ffad1e26000 	C:\Windows\System32\bcrypt.dll
0x00007ffad1770000 - 0x00007ffad1795000 	C:\Windows\SYSTEM32\USERENV.dll
0x00007ffad12c0000 - 0x00007ffad12cc000 	C:\Windows\SYSTEM32\CRYPTBASE.dll
0x00007ffad0e00000 - 0x00007ffad0e3a000 	C:\Windows\SYSTEM32\IPHLPAPI.DLL
0x00007ffad4710000 - 0x00007ffad4718000 	C:\Windows\System32\NSI.dll
0x00007ffac8d70000 - 0x00007ffac8d86000 	C:\Windows\SYSTEM32\dhcpcsvc6.DLL
0x00007ffac9af0000 - 0x00007ffac9b0c000 	C:\Windows\SYSTEM32\dhcpcsvc.DLL
0x00007ffad0e40000 - 0x00007ffad0f0a000 	C:\Windows\SYSTEM32\DNSAPI.dll
0x00007ffad08e0000 - 0x00007ffad0911000 	C:\Windows\SYSTEM32\ntmarta.dll

dbghelp: loaded successfully - version: 4.0.5 - missing functions: none
symbol engine: initialized successfully - sym options: 0x614 - pdb path: .;C:\Program Files\Android\Android Studio\jre\bin;C:\Windows\SYSTEM32;C:\Windows\WinSxS\amd64_microsoft.windows.common-controls_6595b64144ccf1df_6.0.18362.752_none_e6c0b5ed1312b70c;C:\Program Files\Android\Android Studio\jre\bin\server;C:\Users\2022\.gradle\native\e1d6ef7f7dcc3fd88c89a11ec53ec762bb8ba0a96d01ffa2cd45eb1d1d8dd5c5\windows-amd64;C:\Users\2022\.gradle\native\5664cfc778a61ccfe75a443a1ab52a65af34e5dc3c78e0209fed803814484fcb\windows-amd64

VM Arguments:
jvm_args: --add-opens=java.base/java.util=ALL-UNNAMED --add-opens=java.base/java.lang=ALL-UNNAMED --add-opens=java.base/java.lang.invoke=ALL-UNNAMED --add-opens=java.base/java.util=ALL-UNNAMED --add-opens=java.prefs/java.util.prefs=ALL-UNNAMED --add-opens=java.prefs/java.util.prefs=ALL-UNNAMED --add-opens=java.base/java.nio.charset=ALL-UNNAMED --add-opens=java.base/java.net=ALL-UNNAMED --add-opens=java.base/java.util.concurrent.atomic=ALL-UNNAMED -Xmx2048m -Dfile.encoding=UTF-8 -Duser.country=US -Duser.language=en -Duser.variant 
java_command: org.gradle.launcher.daemon.bootstrap.GradleDaemon 7.2
java_class_path (initial): C:\Users\2022\.gradle\wrapper\dists\gradle-7.2-bin\2dnblmf4td7x66yl1d74lt32g\gradle-7.2\lib\gradle-launcher-7.2.jar
Launcher Type: SUN_STANDARD

[Global flags]
     intx CICompilerCount                          = 4                                         {product} {ergonomic}
     uint ConcGCThreads                            = 2                                         {product} {ergonomic}
     uint G1ConcRefinementThreads                  = 8                                         {product} {ergonomic}
   size_t G1HeapRegionSize                         = 1048576                                   {product} {ergonomic}
    uintx GCDrainStackTargetSize                   = 64                                        {product} {ergonomic}
   size_t InitialHeapSize                          = 134217728                                 {product} {ergonomic}
   size_t MarkStackSize                            = 4194304                                   {product} {ergonomic}
   size_t MaxHeapSize                              = 2147483648                                {product} {command line}
   size_t MaxNewSize                               = 1287651328                                {product} {ergonomic}
   size_t MinHeapDeltaBytes                        = 1048576                                   {product} {ergonomic}
    uintx NonNMethodCodeHeapSize                   = 5836300                                {pd product} {ergonomic}
    uintx NonProfiledCodeHeapSize                  = 122910970                              {pd product} {ergonomic}
    uintx ProfiledCodeHeapSize                     = 122910970                              {pd product} {ergonomic}
    uintx ReservedCodeCacheSize                    = 251658240                              {pd product} {ergonomic}
     bool SegmentedCodeCache                       = true                                      {product} {ergonomic}
     bool UseCompressedClassPointers               = true                                 {lp64_product} {ergonomic}
     bool UseCompressedOops                        = true                                 {lp64_product} {ergonomic}
     bool UseG1GC                                  = true                                      {product} {ergonomic}
     bool UseLargePagesIndividualAllocation        = false                                  {pd product} {ergonomic}

Logging:
Log output configuration:
 #0: stdout all=warning uptime,level,tags
 #1: stderr all=off uptime,level,tags

Environment Variables:
PATH=C:\Program Files\Common Files\Oracle\Java\javapath;C:\Windows\system32;C:\Windows;C:\Windows\System32\Wbem;C:\Windows\System32\WindowsPowerShell\v1.0\;C:\Windows\System32\OpenSSH\;C:\Users\2022\AppData\Local\Microsoft\WindowsApps;
USERNAME=2022
OS=Windows_NT
PROCESSOR_IDENTIFIER=Intel64 Family 6 Model 142 Stepping 12, GenuineIntel



---------------  S Y S T E M  ---------------

OS: Windows 10 , 64 bit Build 18362 (10.0.18362.752)
OS uptime: 0 days 1:49 hours

CPU:total 8 (initial active 8) (4 cores per cpu, 2 threads per core) family 6 model 142 stepping 12 microcode 0xb8, cmov, cx8, fxsr, mmx, sse, sse2, sse3, ssse3, sse4.1, sse4.2, popcnt, avx, avx2, aes, clmul, erms, 3dnowpref, lzcnt, ht, tsc, tscinvbit, bmi1, bmi2, adx, fma

Memory: 4k page, system-wide physical 8064M (855M free)
TotalPageFile size 8064M (AvailPageFile size 100M)
current process WorkingSet (physical memory assigned to process): 402M, peak: 441M
current process commit charge ("private bytes"): 522M, peak: 678M

vm_info: OpenJDK 64-Bit Server VM (11.0.11+9-b60-7590822) for windows-amd64 JRE (11.0.11+9-b60-7590822), built on Jul 29 2021 21:43:44 by "builder" with MS VC++ 14.0 (VS2015)

END.
