#
# There is insufficient memory for the Java Runtime Environment to continue.
# Native memory allocation (malloc) failed to allocate 2014256 bytes for Chunk::new
# Possible reasons:
#   The system is out of physical RAM or swap space
#   The process is running with CompressedOops enabled, and the Java Heap may be blocking the growth of the native heap
# Possible solutions:
#   Reduce memory load on the system
#   Increase physical memory or swap space
#   Check if swap backing store is full
#   Decrease Java heap size (-Xmx/-Xms)
#   Decrease number of Java threads
#   Decrease Java thread stack sizes (-Xss)
#   Set larger code cache with -XX:ReservedCodeCacheSize=
#   JVM is running with Unscaled Compressed Oops mode in which the Java heap is
#     placed in the first 4GB address space. The Java Heap base address is the
#     maximum limit for the native heap growth. Please use -XX:HeapBaseMinAddress
#     to set the Java Heap base and to place the Java Heap above 4GB virtual address.
# This output file may be truncated or incomplete.
#
#  Out of Memory Error (./src/hotspot/share/memory/arena.cpp:197), pid=2928, tid=3912
#
# JRE version: OpenJDK Runtime Environment (11.0.11+9) (build 11.0.11+9-b60-7590822)
# Java VM: OpenJDK 64-Bit Server VM (11.0.11+9-b60-7590822, mixed mode, tiered, compressed oops, g1 gc, windows-amd64)
# No core dump will be written. Minidumps are not enabled by default on client versions of Windows
#

---------------  S U M M A R Y ------------

Command Line: --add-opens=java.base/java.util=ALL-UNNAMED --add-opens=java.base/java.lang=ALL-UNNAMED --add-opens=java.base/java.lang.invoke=ALL-UNNAMED --add-opens=java.base/java.util=ALL-UNNAMED --add-opens=java.prefs/java.util.prefs=ALL-UNNAMED --add-opens=java.prefs/java.util.prefs=ALL-UNNAMED --add-opens=java.base/java.nio.charset=ALL-UNNAMED --add-opens=java.base/java.net=ALL-UNNAMED --add-opens=java.base/java.util.concurrent.atomic=ALL-UNNAMED -Xmx2048m -Dfile.encoding=UTF-8 -Duser.country=US -Duser.language=en -Duser.variant org.gradle.launcher.daemon.bootstrap.GradleDaemon 7.2

Host: Intel(R) Core(TM) i7-8565U CPU @ 1.80GHz, 8 cores, 7G,  Windows 10 , 64 bit Build 18362 (10.0.18362.752)
Time: Sat Jun 11 18:15:02 2022 Pacific Daylight Time elapsed time: 705.363460 seconds (0d 0h 11m 45s)

---------------  T H R E A D  ---------------

Current thread (0x000002331d6b1800):  JavaThread "C2 CompilerThread0" daemon [_thread_in_native, id=3912, stack(0x000000e84a000000,0x000000e84a100000)]


Current CompileTask:
C2: 705363 16442       4       org.gradle.internal.instantiation.generator.AbstractClassGenerator::inspectType (560 bytes)

Stack: [0x000000e84a000000,0x000000e84a100000]
Native frames: (J=compiled Java code, j=interpreted, Vv=VM code, C=native code)
V  [jvm.dll+0x5f214a]
V  [jvm.dll+0x726fb5]
V  [jvm.dll+0x7285cd]
V  [jvm.dll+0x728c83]
V  [jvm.dll+0x243278]
V  [jvm.dll+0xbc53c]
V  [jvm.dll+0xbca3c]
V  [jvm.dll+0x353e7d]
V  [jvm.dll+0x19895c]
V  [jvm.dll+0x1fc2ee]
V  [jvm.dll+0x1fb3d4]
V  [jvm.dll+0x183d6c]
V  [jvm.dll+0x209a57]
V  [jvm.dll+0x2082a1]
V  [jvm.dll+0x6ef58f]
V  [jvm.dll+0x6e80b5]
V  [jvm.dll+0x5f1036]
C  [ucrtbase.dll+0x20e72]
C  [KERNEL32.DLL+0x17bd4]
C  [ntdll.dll+0x6ced1]


---------------  P R O C E S S  ---------------

Threads class SMR info:
_java_thread_list=0x0000023320985a80, length=31, elements={
0x00000233008ef000, 0x000002331cd06000, 0x000002331cd07000, 0x000002331d6aa000,
0x000002331d6ab000, 0x000002331d6ae000, 0x000002331d6b1800, 0x000002331d6b2800,
0x000002331cd2a800, 0x000002331d825800, 0x000002331f149000, 0x000002331d96f800,
0x000002331fff1000, 0x000002331ff4f000, 0x000002331ff4b800, 0x000002331ff4a000,
0x000002331ff4d000, 0x000002331ff4e000, 0x000002332074f000, 0x000002332074d000,
0x0000023320751800, 0x000002332074f800, 0x0000023320755800, 0x0000023322ecb800,
0x0000023322eca800, 0x0000023322ece800, 0x0000023322ec9000, 0x0000023322ecf800,
0x0000023322ed1000, 0x0000023322eca000, 0x0000023322ece000
}

Java Threads: ( => current thread )
  0x00000233008ef000 JavaThread "main" [_thread_blocked, id=7148, stack(0x000000e849400000,0x000000e849500000)]
  0x000002331cd06000 JavaThread "Reference Handler" daemon [_thread_blocked, id=5304, stack(0x000000e849b00000,0x000000e849c00000)]
  0x000002331cd07000 JavaThread "Finalizer" daemon [_thread_blocked, id=32, stack(0x000000e849c00000,0x000000e849d00000)]
  0x000002331d6aa000 JavaThread "Signal Dispatcher" daemon [_thread_blocked, id=6292, stack(0x000000e849d00000,0x000000e849e00000)]
  0x000002331d6ab000 JavaThread "Attach Listener" daemon [_thread_blocked, id=3416, stack(0x000000e849e00000,0x000000e849f00000)]
  0x000002331d6ae000 JavaThread "Service Thread" daemon [_thread_blocked, id=4560, stack(0x000000e849f00000,0x000000e84a000000)]
=>0x000002331d6b1800 JavaThread "C2 CompilerThread0" daemon [_thread_in_native, id=3912, stack(0x000000e84a000000,0x000000e84a100000)]
  0x000002331d6b2800 JavaThread "C1 CompilerThread0" daemon [_thread_blocked, id=820, stack(0x000000e84a100000,0x000000e84a200000)]
  0x000002331cd2a800 JavaThread "Sweeper thread" daemon [_thread_blocked, id=3384, stack(0x000000e84a200000,0x000000e84a300000)]
  0x000002331d825800 JavaThread "Common-Cleaner" daemon [_thread_blocked, id=6704, stack(0x000000e84a300000,0x000000e84a400000)]
  0x000002331f149000 JavaThread "Daemon health stats" [_thread_blocked, id=3044, stack(0x000000e84a900000,0x000000e84aa00000)]
  0x000002331d96f800 JavaThread "Incoming local TCP Connector on port 52105" [_thread_in_native, id=5184, stack(0x000000e84a500000,0x000000e84a600000)]
  0x000002331fff1000 JavaThread "Daemon periodic checks" [_thread_blocked, id=4564, stack(0x000000e84a800000,0x000000e84a900000)]
  0x000002331ff4f000 JavaThread "Cache worker for journal cache (C:\Users\2022\.gradle\caches\journal-1)" [_thread_blocked, id=6212, stack(0x000000e84b700000,0x000000e84b800000)]
  0x000002331ff4b800 JavaThread "File lock request listener" [_thread_in_native, id=7604, stack(0x000000e84b800000,0x000000e84b900000)]
  0x000002331ff4a000 JavaThread "Cache worker for file hash cache (C:\Users\2022\.gradle\caches\7.2\fileHashes)" [_thread_blocked, id=1676, stack(0x000000e84b900000,0x000000e84ba00000)]
  0x000002331ff4d000 JavaThread "File watcher server" daemon [_thread_in_native, id=4996, stack(0x000000e84bd00000,0x000000e84be00000)]
  0x000002331ff4e000 JavaThread "File watcher consumer" daemon [_thread_blocked, id=1664, stack(0x000000e84be00000,0x000000e84bf00000)]
  0x000002332074f000 JavaThread "Cache worker for execution history cache (C:\Users\2022\.gradle\caches\7.2\executionHistory)" [_thread_blocked, id=7600, stack(0x000000e84c200000,0x000000e84c300000)]
  0x000002332074d000 JavaThread "jar transforms" [_thread_blocked, id=6108, stack(0x000000e84c000000,0x000000e84c100000)]
  0x0000023320751800 JavaThread "Cache worker for file content cache (C:\Users\2022\.gradle\caches\7.2\fileContent)" [_thread_blocked, id=7196, stack(0x000000e84c400000,0x000000e84c500000)]
  0x000002332074f800 JavaThread "jar transforms Thread 2" [_thread_blocked, id=4732, stack(0x000000e84c500000,0x000000e84c600000)]
  0x0000023320755800 JavaThread "jar transforms Thread 3" [_thread_blocked, id=6272, stack(0x000000e84c300000,0x000000e84c400000)]
  0x0000023322ecb800 JavaThread "jar transforms Thread 4" [_thread_blocked, id=5100, stack(0x000000e851900000,0x000000e851a00000)]
  0x0000023322eca800 JavaThread "jar transforms Thread 5" [_thread_blocked, id=5552, stack(0x000000e851a00000,0x000000e851b00000)]
  0x0000023322ece800 JavaThread "jar transforms Thread 6" [_thread_blocked, id=7360, stack(0x000000e851b00000,0x000000e851c00000)]
  0x0000023322ec9000 JavaThread "jar transforms Thread 7" [_thread_blocked, id=5164, stack(0x000000e851c00000,0x000000e851d00000)]
  0x0000023322ecf800 JavaThread "jar transforms Thread 8" [_thread_blocked, id=6936, stack(0x000000e851d00000,0x000000e851e00000)]
  0x0000023322ed1000 JavaThread "Memory manager" [_thread_blocked, id=7620, stack(0x000000e851e00000,0x000000e851f00000)]
  0x0000023322eca000 JavaThread "Daemon Thread 4" [_thread_blocked, id=4504, stack(0x000000e849100000,0x000000e849200000)]
  0x0000023322ece000 JavaThread "Daemon worker Thread 4" [_thread_blocked, id=1836, stack(0x000000e84aa00000,0x000000e84ab00000)]

Other Threads:
  0x000002331ccff000 VMThread "VM Thread" [stack: 0x000000e849a00000,0x000000e849b00000] [id=324]
  0x000002331d846800 WatcherThread [stack: 0x000000e84a400000,0x000000e84a500000] [id=4276]
  0x0000023300907800 GCTaskThread "GC Thread#0" [stack: 0x000000e849500000,0x000000e849600000] [id=7204]
  0x000002331e358000 GCTaskThread "GC Thread#1" [stack: 0x000000e84a600000,0x000000e84a700000] [id=8172]
  0x000002331e911000 GCTaskThread "GC Thread#2" [stack: 0x000000e84a700000,0x000000e84a800000] [id=3200]
  0x000002331ff54800 GCTaskThread "GC Thread#3" [stack: 0x000000e84b100000,0x000000e84b200000] [id=3152]
  0x000002331ea08000 GCTaskThread "GC Thread#4" [stack: 0x000000e84b200000,0x000000e84b300000] [id=6908]
  0x000002331f7c7800 GCTaskThread "GC Thread#5" [stack: 0x000000e84b300000,0x000000e84b400000] [id=5796]
  0x000002331f925800 GCTaskThread "GC Thread#6" [stack: 0x000000e84b400000,0x000000e84b500000] [id=6316]
  0x000002331fe10800 GCTaskThread "GC Thread#7" [stack: 0x000000e84b500000,0x000000e84b600000] [id=5560]
  0x0000023300937000 ConcurrentGCThread "G1 Main Marker" [stack: 0x000000e849600000,0x000000e849700000] [id=7516]
  0x000002330093a800 ConcurrentGCThread "G1 Conc#0" [stack: 0x000000e849700000,0x000000e849800000] [id=672]
  0x000002331e5ca800 ConcurrentGCThread "G1 Conc#1" [stack: 0x000000e84ba00000,0x000000e84bb00000] [id=7244]
  0x00000233009bc000 ConcurrentGCThread "G1 Refine#0" [stack: 0x000000e849800000,0x000000e849900000] [id=3380]
  0x0000023320263000 ConcurrentGCThread "G1 Refine#1" [stack: 0x000000e84b600000,0x000000e84b700000] [id=6248]
  0x00000233009bc800 ConcurrentGCThread "G1 Young RemSet Sampling" [stack: 0x000000e849900000,0x000000e849a00000] [id=6476]

Threads with active compile tasks:
C2 CompilerThread0 705692 16442       4       org.gradle.internal.instantiation.generator.AbstractClassGenerator::inspectType (560 bytes)

VM state:not at safepoint (normal execution)

VM Mutex/Monitor currently owned by a thread: None

Heap address: 0x0000000080000000, size: 2048 MB, Compressed Oops mode: 32-bit
Narrow klass base: 0x0000000000000000, Narrow klass shift: 3
Compressed class space size: 1073741824 Address: 0x0000000100000000

Heap:
 garbage-first heap   total 189440K, used 141768K [0x0000000080000000, 0x0000000100000000)
  region size 1024K, 11 young (11264K), 1 survivors (1024K)
 Metaspace       used 115984K, capacity 119309K, committed 119552K, reserved 1153024K
  class space    used 14703K, capacity 15939K, committed 15948K, reserved 1048576K
Heap Regions: E=young(eden), S=young(survivor), O=old, HS=humongous(starts), HC=humongous(continues), CS=collection set, F=free, A=archive, TAMS=top-at-mark-start (previous, next)
|   0|0x0000000080000000, 0x0000000080100000, 0x0000000080100000|100%| O|  |TAMS 0x0000000080100000, 0x0000000080000000| Untracked 
|   1|0x0000000080100000, 0x0000000080200000, 0x0000000080200000|100%| O|  |TAMS 0x0000000080200000, 0x0000000080100000| Untracked 
|   2|0x0000000080200000, 0x0000000080300000, 0x0000000080300000|100%| O|  |TAMS 0x0000000080300000, 0x0000000080200000| Untracked 
|   3|0x0000000080300000, 0x0000000080400000, 0x0000000080400000|100%|HS|  |TAMS 0x0000000080400000, 0x0000000080300000| Complete 
|   4|0x0000000080400000, 0x0000000080500000, 0x0000000080500000|100%|HC|  |TAMS 0x0000000080500000, 0x0000000080400000| Complete 
|   5|0x0000000080500000, 0x0000000080600000, 0x0000000080600000|100%|HC|  |TAMS 0x0000000080600000, 0x0000000080500000| Complete 
|   6|0x0000000080600000, 0x0000000080700000, 0x0000000080700000|100%| O|  |TAMS 0x0000000080700000, 0x0000000080600000| Untracked 
|   7|0x0000000080700000, 0x0000000080800000, 0x0000000080800000|100%| O|  |TAMS 0x0000000080800000, 0x0000000080700000| Untracked 
|   8|0x0000000080800000, 0x0000000080900000, 0x0000000080900000|100%| O|  |TAMS 0x0000000080900000, 0x0000000080800000| Untracked 
|   9|0x0000000080900000, 0x0000000080a00000, 0x0000000080a00000|100%| O|  |TAMS 0x0000000080a00000, 0x0000000080900000| Untracked 
|  10|0x0000000080a00000, 0x0000000080b00000, 0x0000000080b00000|100%| O|  |TAMS 0x0000000080b00000, 0x0000000080a00000| Untracked 
|  11|0x0000000080b00000, 0x0000000080c00000, 0x0000000080c00000|100%| O|  |TAMS 0x0000000080c00000, 0x0000000080b00000| Untracked 
|  12|0x0000000080c00000, 0x0000000080d00000, 0x0000000080d00000|100%| O|  |TAMS 0x0000000080d00000, 0x0000000080c00000| Untracked 
|  13|0x0000000080d00000, 0x0000000080e00000, 0x0000000080e00000|100%| O|  |TAMS 0x0000000080e00000, 0x0000000080d00000| Untracked 
|  14|0x0000000080e00000, 0x0000000080f00000, 0x0000000080f00000|100%| O|  |TAMS 0x0000000080f00000, 0x0000000080e00000| Untracked 
|  15|0x0000000080f00000, 0x0000000081000000, 0x0000000081000000|100%| O|  |TAMS 0x0000000081000000, 0x0000000080f00000| Untracked 
|  16|0x0000000081000000, 0x0000000081100000, 0x0000000081100000|100%| O|  |TAMS 0x0000000081100000, 0x0000000081000000| Untracked 
|  17|0x0000000081100000, 0x0000000081200000, 0x0000000081200000|100%| O|  |TAMS 0x0000000081200000, 0x0000000081100000| Untracked 
|  18|0x0000000081200000, 0x0000000081300000, 0x0000000081300000|100%| O|  |TAMS 0x0000000081300000, 0x0000000081200000| Untracked 
|  19|0x0000000081300000, 0x0000000081400000, 0x0000000081400000|100%| O|  |TAMS 0x0000000081400000, 0x0000000081300000| Untracked 
|  20|0x0000000081400000, 0x0000000081500000, 0x0000000081500000|100%| O|  |TAMS 0x0000000081500000, 0x0000000081400000| Untracked 
|  21|0x0000000081500000, 0x0000000081600000, 0x0000000081600000|100%| O|  |TAMS 0x0000000081600000, 0x0000000081500000| Untracked 
|  22|0x0000000081600000, 0x0000000081700000, 0x0000000081700000|100%| O|  |TAMS 0x0000000081700000, 0x0000000081600000| Untracked 
|  23|0x0000000081700000, 0x0000000081800000, 0x0000000081800000|100%| O|  |TAMS 0x0000000081800000, 0x0000000081700000| Untracked 
|  24|0x0000000081800000, 0x0000000081900000, 0x0000000081900000|100%| O|  |TAMS 0x0000000081900000, 0x0000000081800000| Untracked 
|  25|0x0000000081900000, 0x0000000081a00000, 0x0000000081a00000|100%| O|  |TAMS 0x0000000081a00000, 0x0000000081900000| Untracked 
|  26|0x0000000081a00000, 0x0000000081b00000, 0x0000000081b00000|100%| O|  |TAMS 0x0000000081b00000, 0x0000000081a00000| Untracked 
|  27|0x0000000081b00000, 0x0000000081c00000, 0x0000000081c00000|100%|HS|  |TAMS 0x0000000081c00000, 0x0000000081b00000| Complete 
|  28|0x0000000081c00000, 0x0000000081d00000, 0x0000000081d00000|100%|HS|  |TAMS 0x0000000081d00000, 0x0000000081c00000| Complete 
|  29|0x0000000081d00000, 0x0000000081e00000, 0x0000000081e00000|100%|HS|  |TAMS 0x0000000081e00000, 0x0000000081d00000| Complete 
|  30|0x0000000081e00000, 0x0000000081f00000, 0x0000000081f00000|100%|HS|  |TAMS 0x0000000081f00000, 0x0000000081e00000| Complete 
|  31|0x0000000081f00000, 0x0000000082000000, 0x0000000082000000|100%|HC|  |TAMS 0x0000000082000000, 0x0000000081f00000| Complete 
|  32|0x0000000082000000, 0x0000000082100000, 0x0000000082100000|100%| O|  |TAMS 0x0000000082100000, 0x0000000082000000| Untracked 
|  33|0x0000000082100000, 0x0000000082200000, 0x0000000082200000|100%| O|  |TAMS 0x0000000082200000, 0x0000000082100000| Untracked 
|  34|0x0000000082200000, 0x0000000082300000, 0x0000000082300000|100%| O|  |TAMS 0x0000000082300000, 0x0000000082200000| Untracked 
|  35|0x0000000082300000, 0x0000000082400000, 0x0000000082400000|100%| O|  |TAMS 0x0000000082400000, 0x0000000082300000| Untracked 
|  36|0x0000000082400000, 0x0000000082500000, 0x0000000082500000|100%| O|  |TAMS 0x0000000082500000, 0x0000000082400000| Untracked 
|  37|0x0000000082500000, 0x0000000082600000, 0x0000000082600000|100%| O|  |TAMS 0x0000000082600000, 0x0000000082500000| Untracked 
|  38|0x0000000082600000, 0x0000000082700000, 0x0000000082700000|100%| O|  |TAMS 0x0000000082700000, 0x0000000082600000| Untracked 
|  39|0x0000000082700000, 0x0000000082800000, 0x0000000082800000|100%| O|  |TAMS 0x0000000082800000, 0x0000000082700000| Untracked 
|  40|0x0000000082800000, 0x0000000082900000, 0x0000000082900000|100%| O|  |TAMS 0x0000000082900000, 0x0000000082800000| Untracked 
|  41|0x0000000082900000, 0x0000000082a00000, 0x0000000082a00000|100%| O|  |TAMS 0x0000000082a00000, 0x0000000082900000| Untracked 
|  42|0x0000000082a00000, 0x0000000082b00000, 0x0000000082b00000|100%| O|  |TAMS 0x0000000082b00000, 0x0000000082a00000| Untracked 
|  43|0x0000000082b00000, 0x0000000082c00000, 0x0000000082c00000|100%| O|  |TAMS 0x0000000082c00000, 0x0000000082b00000| Untracked 
|  44|0x0000000082c00000, 0x0000000082d00000, 0x0000000082d00000|100%| O|  |TAMS 0x0000000082d00000, 0x0000000082c00000| Untracked 
|  45|0x0000000082d00000, 0x0000000082e00000, 0x0000000082e00000|100%| O|  |TAMS 0x0000000082e00000, 0x0000000082d00000| Untracked 
|  46|0x0000000082e00000, 0x0000000082f00000, 0x0000000082f00000|100%| O|  |TAMS 0x0000000082f00000, 0x0000000082e00000| Untracked 
|  47|0x0000000082f00000, 0x0000000083000000, 0x0000000083000000|100%| O|  |TAMS 0x0000000083000000, 0x0000000082f00000| Untracked 
|  48|0x0000000083000000, 0x0000000083100000, 0x0000000083100000|100%| O|  |TAMS 0x0000000083100000, 0x0000000083000000| Untracked 
|  49|0x0000000083100000, 0x0000000083200000, 0x0000000083200000|100%| O|  |TAMS 0x0000000083200000, 0x0000000083100000| Untracked 
|  50|0x0000000083200000, 0x0000000083300000, 0x0000000083300000|100%| O|  |TAMS 0x0000000083300000, 0x0000000083200000| Untracked 
|  51|0x0000000083300000, 0x0000000083400000, 0x0000000083400000|100%| O|  |TAMS 0x0000000083400000, 0x0000000083300000| Untracked 
|  52|0x0000000083400000, 0x0000000083500000, 0x0000000083500000|100%| O|  |TAMS 0x0000000083500000, 0x0000000083400000| Untracked 
|  53|0x0000000083500000, 0x0000000083600000, 0x0000000083600000|100%| O|  |TAMS 0x0000000083600000, 0x0000000083500000| Untracked 
|  54|0x0000000083600000, 0x0000000083700000, 0x0000000083700000|100%| O|  |TAMS 0x0000000083700000, 0x0000000083600000| Untracked 
|  55|0x0000000083700000, 0x0000000083800000, 0x0000000083800000|100%| O|  |TAMS 0x0000000083800000, 0x0000000083700000| Untracked 
|  56|0x0000000083800000, 0x0000000083900000, 0x0000000083900000|100%| O|  |TAMS 0x0000000083900000, 0x0000000083800000| Untracked 
|  57|0x0000000083900000, 0x0000000083a00000, 0x0000000083a00000|100%| O|  |TAMS 0x0000000083a00000, 0x0000000083900000| Untracked 
|  58|0x0000000083a00000, 0x0000000083b00000, 0x0000000083b00000|100%| O|  |TAMS 0x0000000083b00000, 0x0000000083a00000| Untracked 
|  59|0x0000000083b00000, 0x0000000083c00000, 0x0000000083c00000|100%| O|  |TAMS 0x0000000083c00000, 0x0000000083b00000| Untracked 
|  60|0x0000000083c00000, 0x0000000083d00000, 0x0000000083d00000|100%| O|  |TAMS 0x0000000083d00000, 0x0000000083c00000| Untracked 
|  61|0x0000000083d00000, 0x0000000083e00000, 0x0000000083e00000|100%| O|  |TAMS 0x0000000083e00000, 0x0000000083d00000| Untracked 
|  62|0x0000000083e00000, 0x0000000083f00000, 0x0000000083f00000|100%| O|  |TAMS 0x0000000083f00000, 0x0000000083e00000| Untracked 
|  63|0x0000000083f00000, 0x0000000084000000, 0x0000000084000000|100%| O|  |TAMS 0x0000000084000000, 0x0000000083f00000| Untracked 
|  64|0x0000000084000000, 0x0000000084100000, 0x0000000084100000|100%| O|  |TAMS 0x0000000084100000, 0x0000000084000000| Untracked 
|  65|0x0000000084100000, 0x0000000084200000, 0x0000000084200000|100%| O|  |TAMS 0x0000000084200000, 0x0000000084100000| Untracked 
|  66|0x0000000084200000, 0x0000000084300000, 0x0000000084300000|100%| O|  |TAMS 0x0000000084300000, 0x0000000084200000| Untracked 
|  67|0x0000000084300000, 0x0000000084400000, 0x0000000084400000|100%| O|  |TAMS 0x0000000084400000, 0x0000000084300000| Untracked 
|  68|0x0000000084400000, 0x0000000084500000, 0x0000000084500000|100%| O|  |TAMS 0x0000000084500000, 0x0000000084400000| Untracked 
|  69|0x0000000084500000, 0x0000000084600000, 0x0000000084600000|100%| O|  |TAMS 0x0000000084600000, 0x0000000084500000| Untracked 
|  70|0x0000000084600000, 0x0000000084700000, 0x0000000084700000|100%|HS|  |TAMS 0x0000000084700000, 0x0000000084600000| Complete 
|  71|0x0000000084700000, 0x0000000084800000, 0x0000000084800000|100%|HC|  |TAMS 0x0000000084800000, 0x0000000084700000| Complete 
|  72|0x0000000084800000, 0x0000000084900000, 0x0000000084900000|100%|HC|  |TAMS 0x0000000084900000, 0x0000000084800000| Complete 
|  73|0x0000000084900000, 0x0000000084a00000, 0x0000000084a00000|100%| O|  |TAMS 0x0000000084a00000, 0x0000000084900000| Untracked 
|  74|0x0000000084a00000, 0x0000000084a00000, 0x0000000084b00000|  0%| F|  |TAMS 0x0000000084a00000, 0x0000000084a00000| Untracked 
|  75|0x0000000084b00000, 0x0000000084c00000, 0x0000000084c00000|100%| O|  |TAMS 0x0000000084c00000, 0x0000000084b00000| Untracked 
|  76|0x0000000084c00000, 0x0000000084d00000, 0x0000000084d00000|100%|HS|  |TAMS 0x0000000084d00000, 0x0000000084c00000| Complete 
|  77|0x0000000084d00000, 0x0000000084e00000, 0x0000000084e00000|100%|HC|  |TAMS 0x0000000084e00000, 0x0000000084d00000| Complete 
|  78|0x0000000084e00000, 0x0000000084f00000, 0x0000000084f00000|100%|HS|  |TAMS 0x0000000084f00000, 0x0000000084e00000| Complete 
|  79|0x0000000084f00000, 0x0000000085000000, 0x0000000085000000|100%|HC|  |TAMS 0x0000000085000000, 0x0000000084f00000| Complete 
|  80|0x0000000085000000, 0x0000000085100000, 0x0000000085100000|100%|HC|  |TAMS 0x0000000085100000, 0x0000000085000000| Complete 
|  81|0x0000000085100000, 0x0000000085200000, 0x0000000085200000|100%|HS|  |TAMS 0x0000000085200000, 0x0000000085100000| Complete 
|  82|0x0000000085200000, 0x0000000085300000, 0x0000000085300000|100%|HC|  |TAMS 0x0000000085300000, 0x0000000085200000| Complete 
|  83|0x0000000085300000, 0x0000000085400000, 0x0000000085400000|100%|HC|  |TAMS 0x0000000085400000, 0x0000000085300000| Complete 
|  84|0x0000000085400000, 0x0000000085500000, 0x0000000085500000|100%|HC|  |TAMS 0x0000000085500000, 0x0000000085400000| Complete 
|  85|0x0000000085500000, 0x0000000085600000, 0x0000000085600000|100%| O|  |TAMS 0x0000000085600000, 0x0000000085500000| Untracked 
|  86|0x0000000085600000, 0x0000000085700000, 0x0000000085700000|100%| O|  |TAMS 0x0000000085700000, 0x0000000085600000| Untracked 
|  87|0x0000000085700000, 0x0000000085800000, 0x0000000085800000|100%| O|  |TAMS 0x0000000085700000, 0x0000000085700000| Untracked 
|  88|0x0000000085800000, 0x0000000085900000, 0x0000000085900000|100%| O|  |TAMS 0x0000000085900000, 0x0000000085800000| Untracked 
|  89|0x0000000085900000, 0x0000000085a00000, 0x0000000085a00000|100%| O|  |TAMS 0x0000000085a00000, 0x0000000085900000| Untracked 
|  90|0x0000000085a00000, 0x0000000085b00000, 0x0000000085b00000|100%| O|  |TAMS 0x0000000085b00000, 0x0000000085a00000| Untracked 
|  91|0x0000000085b00000, 0x0000000085c00000, 0x0000000085c00000|100%| O|  |TAMS 0x0000000085c00000, 0x0000000085b00000| Untracked 
|  92|0x0000000085c00000, 0x0000000085d00000, 0x0000000085d00000|100%| O|  |TAMS 0x0000000085d00000, 0x0000000085c00000| Untracked 
|  93|0x0000000085d00000, 0x0000000085e00000, 0x0000000085e00000|100%| O|  |TAMS 0x0000000085e00000, 0x0000000085d00000| Untracked 
|  94|0x0000000085e00000, 0x0000000085f00000, 0x0000000085f00000|100%| O|  |TAMS 0x0000000085e00000, 0x0000000085e00000| Untracked 
|  95|0x0000000085f00000, 0x0000000086000000, 0x0000000086000000|100%| O|  |TAMS 0x0000000086000000, 0x0000000085f00000| Untracked 
|  96|0x0000000086000000, 0x0000000086100000, 0x0000000086100000|100%| O|  |TAMS 0x0000000086100000, 0x0000000086000000| Untracked 
|  97|0x0000000086100000, 0x0000000086200000, 0x0000000086200000|100%| O|  |TAMS 0x0000000086200000, 0x0000000086100000| Untracked 
|  98|0x0000000086200000, 0x0000000086300000, 0x0000000086300000|100%|HS|  |TAMS 0x0000000086300000, 0x0000000086200000| Complete 
|  99|0x0000000086300000, 0x0000000086400000, 0x0000000086400000|100%|HC|  |TAMS 0x0000000086400000, 0x0000000086300000| Complete 
| 100|0x0000000086400000, 0x0000000086500000, 0x0000000086500000|100%|HC|  |TAMS 0x0000000086500000, 0x0000000086400000| Complete 
| 101|0x0000000086500000, 0x0000000086600000, 0x0000000086600000|100%|HC|  |TAMS 0x0000000086600000, 0x0000000086500000| Complete 
| 102|0x0000000086600000, 0x0000000086700000, 0x0000000086700000|100%| O|  |TAMS 0x0000000086600000, 0x0000000086600000| Untracked 
| 103|0x0000000086700000, 0x00000000867a1400, 0x0000000086800000| 62%| O|  |TAMS 0x0000000086700000, 0x0000000086700000| Untracked 
| 104|0x0000000086800000, 0x0000000086900000, 0x0000000086900000|100%|HS|  |TAMS 0x0000000086900000, 0x0000000086800000| Complete 
| 105|0x0000000086900000, 0x0000000086a00000, 0x0000000086a00000|100%|HC|  |TAMS 0x0000000086a00000, 0x0000000086900000| Complete 
| 106|0x0000000086a00000, 0x0000000086b00000, 0x0000000086b00000|100%|HS|  |TAMS 0x0000000086b00000, 0x0000000086a00000| Complete 
| 107|0x0000000086b00000, 0x0000000086c00000, 0x0000000086c00000|100%|HC|  |TAMS 0x0000000086c00000, 0x0000000086b00000| Complete 
| 108|0x0000000086c00000, 0x0000000086d00000, 0x0000000086d00000|100%|HC|  |TAMS 0x0000000086d00000, 0x0000000086c00000| Complete 
| 109|0x0000000086d00000, 0x0000000086e00000, 0x0000000086e00000|100%|HS|  |TAMS 0x0000000086e00000, 0x0000000086d00000| Complete 
| 110|0x0000000086e00000, 0x0000000086f00000, 0x0000000086f00000|100%|HC|  |TAMS 0x0000000086f00000, 0x0000000086e00000| Complete 
| 111|0x0000000086f00000, 0x0000000087000000, 0x0000000087000000|100%|HC|  |TAMS 0x0000000087000000, 0x0000000086f00000| Complete 
| 112|0x0000000087000000, 0x0000000087100000, 0x0000000087100000|100%|HC|  |TAMS 0x0000000087100000, 0x0000000087000000| Complete 
| 113|0x0000000087100000, 0x0000000087100000, 0x0000000087200000|  0%| F|  |TAMS 0x0000000087100000, 0x0000000087100000| Untracked 
| 114|0x0000000087200000, 0x0000000087300000, 0x0000000087300000|100%| O|  |TAMS 0x0000000087300000, 0x0000000087200000| Untracked 
| 115|0x0000000087300000, 0x0000000087400000, 0x0000000087400000|100%| O|  |TAMS 0x0000000087400000, 0x0000000087300000| Untracked 
| 116|0x0000000087400000, 0x0000000087500000, 0x0000000087500000|100%| O|  |TAMS 0x0000000087500000, 0x0000000087400000| Untracked 
| 117|0x0000000087500000, 0x0000000087600000, 0x0000000087600000|100%| O|  |TAMS 0x0000000087600000, 0x0000000087500000| Untracked 
| 118|0x0000000087600000, 0x0000000087700000, 0x0000000087700000|100%| O|  |TAMS 0x0000000087700000, 0x0000000087600000| Untracked 
| 119|0x0000000087700000, 0x0000000087800000, 0x0000000087800000|100%| O|  |TAMS 0x0000000087800000, 0x0000000087700000| Untracked 
| 120|0x0000000087800000, 0x0000000087900000, 0x0000000087900000|100%| O|  |TAMS 0x0000000087900000, 0x0000000087800000| Untracked 
| 121|0x0000000087900000, 0x0000000087900000, 0x0000000087a00000|  0%| F|  |TAMS 0x0000000087900000, 0x0000000087900000| Untracked 
| 122|0x0000000087a00000, 0x0000000087b00000, 0x0000000087b00000|100%| O|  |TAMS 0x0000000087b00000, 0x0000000087a00000| Untracked 
| 123|0x0000000087b00000, 0x0000000087b00000, 0x0000000087c00000|  0%| F|  |TAMS 0x0000000087b00000, 0x0000000087b00000| Untracked 
| 124|0x0000000087c00000, 0x0000000087c00000, 0x0000000087d00000|  0%| F|  |TAMS 0x0000000087c00000, 0x0000000087c00000| Untracked 
| 125|0x0000000087d00000, 0x0000000087e00000, 0x0000000087e00000|100%| O|  |TAMS 0x0000000087e00000, 0x0000000087d00000| Untracked 
| 126|0x0000000087e00000, 0x0000000087f00000, 0x0000000087f00000|100%| O|  |TAMS 0x0000000087f00000, 0x0000000087e00000| Untracked 
| 127|0x0000000087f00000, 0x0000000088000000, 0x0000000088000000|100%| O|  |TAMS 0x0000000088000000, 0x0000000087f00000| Untracked 
| 128|0x0000000088000000, 0x0000000088100000, 0x0000000088100000|100%| O|  |TAMS 0x0000000088100000, 0x0000000088000000| Untracked 
| 129|0x0000000088100000, 0x0000000088200000, 0x0000000088200000|100%| O|  |TAMS 0x0000000088200000, 0x0000000088100000| Untracked 
| 130|0x0000000088200000, 0x0000000088200000, 0x0000000088300000|  0%| F|  |TAMS 0x0000000088200000, 0x0000000088200000| Untracked 
| 131|0x0000000088300000, 0x0000000088300000, 0x0000000088400000|  0%| F|  |TAMS 0x0000000088300000, 0x0000000088300000| Untracked 
| 132|0x0000000088400000, 0x0000000088500000, 0x0000000088500000|100%| O|  |TAMS 0x0000000088500000, 0x0000000088400000| Untracked 
| 133|0x0000000088500000, 0x0000000088500000, 0x0000000088600000|  0%| F|  |TAMS 0x0000000088500000, 0x0000000088500000| Untracked 
| 134|0x0000000088600000, 0x0000000088600000, 0x0000000088700000|  0%| F|  |TAMS 0x0000000088600000, 0x0000000088600000| Untracked 
| 135|0x0000000088700000, 0x0000000088700000, 0x0000000088800000|  0%| F|  |TAMS 0x0000000088700000, 0x0000000088700000| Untracked 
| 136|0x0000000088800000, 0x0000000088800000, 0x0000000088900000|  0%| F|  |TAMS 0x0000000088800000, 0x0000000088800000| Untracked 
| 137|0x0000000088900000, 0x0000000088900000, 0x0000000088a00000|  0%| F|  |TAMS 0x0000000088900000, 0x0000000088900000| Untracked 
| 138|0x0000000088a00000, 0x0000000088a00000, 0x0000000088b00000|  0%| F|  |TAMS 0x0000000088a00000, 0x0000000088a00000| Untracked 
| 139|0x0000000088b00000, 0x0000000088b00000, 0x0000000088c00000|  0%| F|  |TAMS 0x0000000088b00000, 0x0000000088b00000| Untracked 
| 140|0x0000000088c00000, 0x0000000088c00000, 0x0000000088d00000|  0%| F|  |TAMS 0x0000000088c00000, 0x0000000088c00000| Untracked 
| 141|0x0000000088d00000, 0x0000000088d00000, 0x0000000088e00000|  0%| F|  |TAMS 0x0000000088d00000, 0x0000000088d00000| Untracked 
| 142|0x0000000088e00000, 0x0000000088e00000, 0x0000000088f00000|  0%| F|  |TAMS 0x0000000088e00000, 0x0000000088e00000| Untracked 
| 143|0x0000000088f00000, 0x0000000089000000, 0x0000000089000000|100%| O|  |TAMS 0x0000000089000000, 0x0000000088f00000| Untracked 
| 144|0x0000000089000000, 0x0000000089000000, 0x0000000089100000|  0%| F|  |TAMS 0x0000000089000000, 0x0000000089000000| Untracked 
| 145|0x0000000089100000, 0x0000000089200000, 0x0000000089200000|100%| O|  |TAMS 0x0000000089200000, 0x0000000089100000| Untracked 
| 146|0x0000000089200000, 0x0000000089300000, 0x0000000089300000|100%| O|  |TAMS 0x0000000089300000, 0x0000000089200000| Untracked 
| 147|0x0000000089300000, 0x0000000089300000, 0x0000000089400000|  0%| F|  |TAMS 0x0000000089300000, 0x0000000089300000| Untracked 
| 148|0x0000000089400000, 0x0000000089400000, 0x0000000089500000|  0%| F|  |TAMS 0x0000000089400000, 0x0000000089400000| Untracked 
| 149|0x0000000089500000, 0x0000000089500000, 0x0000000089600000|  0%| F|  |TAMS 0x0000000089500000, 0x0000000089500000| Untracked 
| 150|0x0000000089600000, 0x0000000089700000, 0x0000000089700000|100%| O|  |TAMS 0x000000008966ae00, 0x0000000089600000| Untracked 
| 151|0x0000000089700000, 0x0000000089700000, 0x0000000089800000|  0%| F|  |TAMS 0x0000000089700000, 0x0000000089700000| Untracked 
| 152|0x0000000089800000, 0x0000000089800000, 0x0000000089900000|  0%| F|  |TAMS 0x0000000089800000, 0x0000000089800000| Untracked 
| 153|0x0000000089900000, 0x0000000089900000, 0x0000000089a00000|  0%| F|  |TAMS 0x0000000089900000, 0x0000000089900000| Untracked 
| 154|0x0000000089a00000, 0x0000000089a00000, 0x0000000089b00000|  0%| F|  |TAMS 0x0000000089a00000, 0x0000000089a00000| Untracked 
| 155|0x0000000089b00000, 0x0000000089b00000, 0x0000000089c00000|  0%| F|  |TAMS 0x0000000089b00000, 0x0000000089b00000| Untracked 
| 156|0x0000000089c00000, 0x0000000089c00000, 0x0000000089d00000|  0%| F|  |TAMS 0x0000000089c00000, 0x0000000089c00000| Untracked 
| 157|0x0000000089d00000, 0x0000000089d00000, 0x0000000089e00000|  0%| F|  |TAMS 0x0000000089d00000, 0x0000000089d00000| Untracked 
| 158|0x0000000089e00000, 0x0000000089e00000, 0x0000000089f00000|  0%| F|  |TAMS 0x0000000089e00000, 0x0000000089e00000| Untracked 
| 159|0x0000000089f00000, 0x0000000089f00000, 0x000000008a000000|  0%| F|  |TAMS 0x0000000089f00000, 0x0000000089f00000| Untracked 
| 160|0x000000008a000000, 0x000000008a000000, 0x000000008a100000|  0%| F|  |TAMS 0x000000008a000000, 0x000000008a000000| Untracked 
| 161|0x000000008a100000, 0x000000008a100000, 0x000000008a200000|  0%| F|  |TAMS 0x000000008a100000, 0x000000008a100000| Untracked 
| 162|0x000000008a200000, 0x000000008a200000, 0x000000008a300000|  0%| F|  |TAMS 0x000000008a200000, 0x000000008a200000| Untracked 
| 163|0x000000008a300000, 0x000000008a300000, 0x000000008a400000|  0%| F|  |TAMS 0x000000008a300000, 0x000000008a300000| Untracked 
| 164|0x000000008a400000, 0x000000008a400000, 0x000000008a500000|  0%| F|  |TAMS 0x000000008a400000, 0x000000008a400000| Untracked 
| 165|0x000000008a500000, 0x000000008a500000, 0x000000008a600000|  0%| F|  |TAMS 0x000000008a500000, 0x000000008a500000| Untracked 
| 166|0x000000008a600000, 0x000000008a600000, 0x000000008a700000|  0%| F|  |TAMS 0x000000008a600000, 0x000000008a600000| Untracked 
| 167|0x000000008a700000, 0x000000008a700000, 0x000000008a800000|  0%| F|  |TAMS 0x000000008a700000, 0x000000008a700000| Untracked 
| 168|0x000000008a800000, 0x000000008a800000, 0x000000008a900000|  0%| F|  |TAMS 0x000000008a800000, 0x000000008a800000| Untracked 
| 169|0x000000008a900000, 0x000000008a900000, 0x000000008aa00000|  0%| F|  |TAMS 0x000000008a900000, 0x000000008a900000| Untracked 
| 170|0x000000008aa00000, 0x000000008aa00000, 0x000000008ab00000|  0%| F|  |TAMS 0x000000008aa00000, 0x000000008aa00000| Untracked 
| 171|0x000000008ab00000, 0x000000008ab00000, 0x000000008ac00000|  0%| F|  |TAMS 0x000000008ab00000, 0x000000008ab00000| Untracked 
| 172|0x000000008ac00000, 0x000000008ac00000, 0x000000008ad00000|  0%| F|  |TAMS 0x000000008ac00000, 0x000000008ac00000| Untracked 
| 173|0x000000008ad00000, 0x000000008ad00000, 0x000000008ae00000|  0%| F|  |TAMS 0x000000008ad00000, 0x000000008ad00000| Untracked 
| 174|0x000000008ae00000, 0x000000008ae362c0, 0x000000008af00000| 21%| E|  |TAMS 0x000000008ae00000, 0x000000008ae00000| Complete 
| 175|0x000000008af00000, 0x000000008b000000, 0x000000008b000000|100%| E|CS|TAMS 0x000000008af00000, 0x000000008af00000| Complete 
| 176|0x000000008b000000, 0x000000008b100000, 0x000000008b100000|100%| E|  |TAMS 0x000000008b000000, 0x000000008b000000| Complete 
| 177|0x000000008b100000, 0x000000008b200000, 0x000000008b200000|100%| E|CS|TAMS 0x000000008b100000, 0x000000008b100000| Complete 
| 178|0x000000008b200000, 0x000000008b2d0da0, 0x000000008b300000| 81%| S|CS|TAMS 0x000000008b200000, 0x000000008b200000| Complete 
| 179|0x000000008b300000, 0x000000008b400000, 0x000000008b400000|100%| E|CS|TAMS 0x000000008b300000, 0x000000008b300000| Complete 
| 180|0x000000008b400000, 0x000000008b500000, 0x000000008b500000|100%| E|CS|TAMS 0x000000008b400000, 0x000000008b400000| Complete 
| 181|0x000000008b500000, 0x000000008b600000, 0x000000008b600000|100%| E|CS|TAMS 0x000000008b500000, 0x000000008b500000| Complete 
| 182|0x000000008b600000, 0x000000008b700000, 0x000000008b700000|100%| E|CS|TAMS 0x000000008b600000, 0x000000008b600000| Complete 
| 183|0x000000008b700000, 0x000000008b800000, 0x000000008b800000|100%| E|CS|TAMS 0x000000008b700000, 0x000000008b700000| Complete 
| 184|0x000000008b800000, 0x000000008b900000, 0x000000008b900000|100%| E|CS|TAMS 0x000000008b800000, 0x000000008b800000| Complete 

Card table byte_map: [0x0000023315a20000,0x0000023315e20000] _byte_map_base: 0x0000023315620000

Marking Bits (Prev, Next): (CMBitMap*) 0x000002330092e158, (CMBitMap*) 0x000002330092e190
 Prev Bits: [0x0000023316220000, 0x0000023318220000)
 Next Bits: [0x0000023318220000, 0x000002331a220000)

Polling page: 0x00000233009c0000

Metaspace:

Usage:
  Non-class:    100.95 MB capacity,    98.91 MB ( 98%) used,     1.68 MB (  2%) free+waste,   369.69 KB ( <1%) overhead. 
      Class:     15.57 MB capacity,    14.36 MB ( 92%) used,     1.04 MB (  7%) free+waste,   168.19 KB (  1%) overhead. 
       Both:    116.51 MB capacity,   113.27 MB ( 97%) used,     2.72 MB (  2%) free+waste,   537.88 KB ( <1%) overhead. 

Virtual space:
  Non-class space:      102.00 MB reserved,     101.18 MB (>99%) committed 
      Class space:        1.00 GB reserved,      15.57 MB (  2%) committed 
             Both:        1.10 GB reserved,     116.75 MB ( 10%) committed 

Chunk freelists:
   Non-Class:  2.00 KB
       Class:  0 bytes
        Both:  2.00 KB

MaxMetaspaceSize: 17179869184.00 GB
CompressedClassSpaceSize: 1.00 GB

CodeHeap 'non-profiled nmethods': size=120000Kb used=9780Kb max_used=9780Kb free=110219Kb
 bounds [0x000002330d680000, 0x000002330e010000, 0x0000023314bb0000]
CodeHeap 'profiled nmethods': size=120000Kb used=35574Kb max_used=35574Kb free=84425Kb
 bounds [0x0000023306150000, 0x0000023308410000, 0x000002330d680000]
CodeHeap 'non-nmethods': size=5760Kb used=2358Kb max_used=2396Kb free=3401Kb
 bounds [0x0000023305bb0000, 0x0000023305e20000, 0x0000023306150000]
 total_blobs=17252 nmethods=16279 adapters=883
 compilation: enabled
              stopped_count=0, restarted_count=0
 full_count=0

Compilation events (20 events):
Event: 704.830 Thread 0x000002331d6b2800 16445       2       java.io.ObjectInputStream$BlockDataInputStream::readUTF (10 bytes)
Event: 704.830 Thread 0x000002331d6b2800 nmethod 16445 0x00000233083e3b10 code [0x00000233083e3ce0, 0x00000233083e3e18]
Event: 704.830 Thread 0x000002331d6b2800 16446       2       java.io.ObjectInputStream$BlockDataInputStream::readUnsignedShort (76 bytes)
Event: 704.830 Thread 0x000002331d6b2800 nmethod 16446 0x00000233083e3f10 code [0x00000233083e40e0, 0x00000233083e42f8]
Event: 704.830 Thread 0x000002331d6b2800 16447       2       java.lang.reflect.Field::acquireFieldAccessor (59 bytes)
Event: 704.830 Thread 0x000002331d6b2800 nmethod 16447 0x00000233083e4490 code [0x00000233083e4660, 0x00000233083e49d8]
Event: 704.831 Thread 0x000002331d6b2800 16448       2       java.io.Bits::getInt (43 bytes)
Event: 704.831 Thread 0x000002331d6b2800 nmethod 16448 0x00000233083e4b10 code [0x00000233083e4cc0, 0x00000233083e4e58]
Event: 704.839 Thread 0x000002331d6b2800 16449       2       com.google.gson.internal.$Gson$Types::resolve (418 bytes)
Event: 704.841 Thread 0x000002331d6b1800 nmethod 16159 0x000002330dffc390 code [0x000002330dffcb20, 0x000002330e004950]
Event: 704.841 Thread 0x000002331d6b1800 16442       4       org.gradle.internal.instantiation.generator.AbstractClassGenerator::inspectType (560 bytes)
Event: 704.842 Thread 0x000002331d6b2800 nmethod 16449 0x00000233083e4f90 code [0x00000233083e52e0, 0x00000233083e6228]
Event: 704.842 Thread 0x000002331d6b2800 16451       2       com.google.gson.stream.JsonReader::doPeek (744 bytes)
Event: 704.844 Thread 0x000002331d6b2800 nmethod 16451 0x00000233083e6a90 code [0x00000233083e72a0, 0x00000233083e9908]
Event: 704.844 Thread 0x000002331d6b2800 16450       2       java.lang.reflect.Field::isSynthetic (8 bytes)
Event: 704.844 Thread 0x000002331d6b2800 nmethod 16450 0x00000233083eaf90 code [0x00000233083eb140, 0x00000233083eb258]
Event: 704.860 Thread 0x000002331d6b2800 16452       1       org.gradle.internal.reflect.MutableClassDetails::getAllMethods (5 bytes)
Event: 704.860 Thread 0x000002331d6b2800 nmethod 16452 0x000002330e008b90 code [0x000002330e008d40, 0x000002330e008df8]
Event: 704.982 Thread 0x000002331d6b2800 16454       2       java.lang.invoke.MemberName::getFactory (4 bytes)
Event: 704.982 Thread 0x000002331d6b2800 nmethod 16454 0x00000233083eb310 code [0x00000233083eb4c0, 0x00000233083eb598]

GC Heap History (20 events):
Event: 702.086 GC heap before
{Heap before GC invocations=70 (full 0):
 garbage-first heap   total 189440K, used 150006K [0x0000000080000000, 0x0000000100000000)
  region size 1024K, 5 young (5120K), 2 survivors (2048K)
 Metaspace       used 107582K, capacity 110751K, committed 110976K, reserved 1144832K
  class space    used 13728K, capacity 14922K, committed 15052K, reserved 1048576K
}
Event: 702.090 GC heap after
{Heap after GC invocations=71 (full 0):
 garbage-first heap   total 189440K, used 150979K [0x0000000080000000, 0x0000000100000000)
  region size 1024K, 2 young (2048K), 2 survivors (2048K)
 Metaspace       used 107582K, capacity 110751K, committed 110976K, reserved 1144832K
  class space    used 13728K, capacity 14922K, committed 15052K, reserved 1048576K
}
Event: 702.407 GC heap before
{Heap before GC invocations=72 (full 0):
 garbage-first heap   total 189440K, used 172483K [0x0000000080000000, 0x0000000100000000)
  region size 1024K, 9 young (9216K), 2 survivors (2048K)
 Metaspace       used 108246K, capacity 111478K, committed 111744K, reserved 1146880K
  class space    used 13808K, capacity 15009K, committed 15052K, reserved 1048576K
}
Event: 702.410 GC heap after
{Heap after GC invocations=73 (full 0):
 garbage-first heap   total 189440K, used 150898K [0x0000000080000000, 0x0000000100000000)
  region size 1024K, 1 young (1024K), 1 survivors (1024K)
 Metaspace       used 108246K, capacity 111478K, committed 111744K, reserved 1146880K
  class space    used 13808K, capacity 15009K, committed 15052K, reserved 1048576K
}
Event: 702.700 GC heap before
{Heap before GC invocations=73 (full 0):
 garbage-first heap   total 189440K, used 158066K [0x0000000080000000, 0x0000000100000000)
  region size 1024K, 9 young (9216K), 1 survivors (1024K)
 Metaspace       used 109305K, capacity 112557K, committed 112640K, reserved 1146880K
  class space    used 13921K, capacity 15113K, committed 15180K, reserved 1048576K
}
Event: 702.707 GC heap after
{Heap after GC invocations=74 (full 0):
 garbage-first heap   total 189440K, used 148338K [0x0000000080000000, 0x0000000100000000)
  region size 1024K, 1 young (1024K), 1 survivors (1024K)
 Metaspace       used 109305K, capacity 112557K, committed 112640K, reserved 1146880K
  class space    used 13921K, capacity 15113K, committed 15180K, reserved 1048576K
}
Event: 702.930 GC heap before
{Heap before GC invocations=74 (full 0):
 garbage-first heap   total 189440K, used 156530K [0x0000000080000000, 0x0000000100000000)
  region size 1024K, 10 young (10240K), 1 survivors (1024K)
 Metaspace       used 110669K, capacity 113873K, committed 114048K, reserved 1148928K
  class space    used 14056K, capacity 15248K, committed 15308K, reserved 1048576K
}
Event: 702.933 GC heap after
{Heap after GC invocations=75 (full 0):
 garbage-first heap   total 189440K, used 148877K [0x0000000080000000, 0x0000000100000000)
  region size 1024K, 2 young (2048K), 2 survivors (2048K)
 Metaspace       used 110669K, capacity 113873K, committed 114048K, reserved 1148928K
  class space    used 14056K, capacity 15248K, committed 15308K, reserved 1048576K
}
Event: 703.436 GC heap before
{Heap before GC invocations=76 (full 0):
 garbage-first heap   total 189440K, used 157748K [0x0000000080000000, 0x0000000100000000)
  region size 1024K, 12 young (12288K), 2 survivors (2048K)
 Metaspace       used 111532K, capacity 114764K, committed 114944K, reserved 1148928K
  class space    used 14154K, capacity 15351K, committed 15436K, reserved 1048576K
}
Event: 703.439 GC heap after
{Heap after GC invocations=77 (full 0):
 garbage-first heap   total 189440K, used 149044K [0x0000000080000000, 0x0000000100000000)
  region size 1024K, 2 young (2048K), 2 survivors (2048K)
 Metaspace       used 111532K, capacity 114764K, committed 114944K, reserved 1148928K
  class space    used 14154K, capacity 15351K, committed 15436K, reserved 1048576K
}
Event: 703.885 GC heap before
{Heap before GC invocations=77 (full 0):
 garbage-first heap   total 189440K, used 155188K [0x0000000080000000, 0x0000000100000000)
  region size 1024K, 9 young (9216K), 2 survivors (2048K)
 Metaspace       used 111923K, capacity 115170K, committed 115456K, reserved 1148928K
  class space    used 14193K, capacity 15358K, committed 15436K, reserved 1048576K
}
Event: 703.891 GC heap after
{Heap after GC invocations=78 (full 0):
 garbage-first heap   total 189440K, used 137391K [0x0000000080000000, 0x0000000100000000)
  region size 1024K, 1 young (1024K), 1 survivors (1024K)
 Metaspace       used 111923K, capacity 115170K, committed 115456K, reserved 1148928K
  class space    used 14193K, capacity 15358K, committed 15436K, reserved 1048576K
}
Event: 704.330 GC heap before
{Heap before GC invocations=78 (full 0):
 garbage-first heap   total 189440K, used 154799K [0x0000000080000000, 0x0000000100000000)
  region size 1024K, 18 young (18432K), 1 survivors (1024K)
 Metaspace       used 112988K, capacity 116305K, committed 116480K, reserved 1150976K
  class space    used 14344K, capacity 15586K, committed 15692K, reserved 1048576K
}
Event: 704.333 GC heap after
{Heap after GC invocations=79 (full 0):
 garbage-first heap   total 189440K, used 137247K [0x0000000080000000, 0x0000000100000000)
  region size 1024K, 1 young (1024K), 1 survivors (1024K)
 Metaspace       used 112988K, capacity 116305K, committed 116480K, reserved 1150976K
  class space    used 14344K, capacity 15586K, committed 15692K, reserved 1048576K
}
Event: 704.445 GC heap before
{Heap before GC invocations=79 (full 0):
 garbage-first heap   total 189440K, used 154655K [0x0000000080000000, 0x0000000100000000)
  region size 1024K, 19 young (19456K), 1 survivors (1024K)
 Metaspace       used 114408K, capacity 117708K, committed 117888K, reserved 1150976K
  class space    used 14529K, capacity 15776K, committed 15820K, reserved 1048576K
}
Event: 704.447 GC heap after
{Heap after GC invocations=80 (full 0):
 garbage-first heap   total 189440K, used 136396K [0x0000000080000000, 0x0000000100000000)
  region size 1024K, 1 young (1024K), 1 survivors (1024K)
 Metaspace       used 114408K, capacity 117708K, committed 117888K, reserved 1150976K
  class space    used 14529K, capacity 15776K, committed 15820K, reserved 1048576K
}
Event: 704.741 GC heap before
{Heap before GC invocations=81 (full 0):
 garbage-first heap   total 189440K, used 156876K [0x0000000080000000, 0x0000000100000000)
  region size 1024K, 21 young (21504K), 1 survivors (1024K)
 Metaspace       used 115187K, capacity 118467K, committed 118784K, reserved 1153024K
  class space    used 14608K, capacity 15833K, committed 15948K, reserved 1048576K
}
Event: 704.746 GC heap after
{Heap after GC invocations=82 (full 0):
 garbage-first heap   total 189440K, used 138858K [0x0000000080000000, 0x0000000100000000)
  region size 1024K, 3 young (3072K), 3 survivors (3072K)
 Metaspace       used 115187K, capacity 118467K, committed 118784K, reserved 1153024K
  class space    used 14608K, capacity 15833K, committed 15948K, reserved 1048576K
}
Event: 704.832 GC heap before
{Heap before GC invocations=82 (full 0):
 garbage-first heap   total 189440K, used 145002K [0x0000000080000000, 0x0000000100000000)
  region size 1024K, 9 young (9216K), 3 survivors (3072K)
 Metaspace       used 115336K, capacity 118633K, committed 118784K, reserved 1153024K
  class space    used 14620K, capacity 15840K, committed 15948K, reserved 1048576K
}
Event: 704.836 GC heap after
{Heap after GC invocations=83 (full 0):
 garbage-first heap   total 189440K, used 133576K [0x0000000080000000, 0x0000000100000000)
  region size 1024K, 1 young (1024K), 1 survivors (1024K)
 Metaspace       used 115336K, capacity 118633K, committed 118784K, reserved 1153024K
  class space    used 14620K, capacity 15840K, committed 15948K, reserved 1048576K
}

Deoptimization events (20 events):
Event: 704.752 Thread 0x00000233241ea000 Uncommon trap: trap_request=0xffffffde fr.pc=0x000002330dfe4d4c relative=0x00000000000002ec
Event: 704.752 Thread 0x00000233241ea000 Uncommon trap: reason=class_check action=maybe_recompile pc=0x000002330dfe4d4c method=org.apache.xerces.dom.ElementImpl.getTagName()Ljava/lang/String; @ 8 c2
Event: 704.752 Thread 0x00000233241ea000 DEOPT PACKING pc=0x000002330dfe4d4c sp=0x000000e8527fd800
Event: 704.752 Thread 0x00000233241ea000 DEOPT UNPACKING pc=0x0000023305bd662f sp=0x000000e8527fd7e0 mode 2
Event: 704.752 Thread 0x00000233241e6000 Uncommon trap: trap_request=0xffffffde fr.pc=0x000002330dc94848 relative=0x00000000000001e8
Event: 704.752 Thread 0x00000233241e6000 Uncommon trap: reason=class_check action=maybe_recompile pc=0x000002330dc94848 method=org.gradle.internal.resources.DefaultResourceLockCoordinationService$AcquireLocks.transform(Lorg/gradle/internal/resources/ResourceLockState;)Lorg/gradle/internal/resour
Event: 704.752 Thread 0x00000233241e6000 DEOPT PACKING pc=0x000002330dc94848 sp=0x000000e8521fae20
Event: 704.752 Thread 0x00000233241e6000 DEOPT UNPACKING pc=0x0000023305bd662f sp=0x000000e8521fad58 mode 2
Event: 704.826 Thread 0x00000233241e6000 Uncommon trap: trap_request=0xffffffd6 fr.pc=0x000002330deef2c4 relative=0x0000000000000864
Event: 704.826 Thread 0x00000233241e6000 Uncommon trap: reason=array_check action=maybe_recompile pc=0x000002330deef2c4 method=java.util.ComparableTimSort.binarySort([Ljava/lang/Object;III)V @ 193 c2
Event: 704.826 Thread 0x00000233241e6000 DEOPT PACKING pc=0x000002330deef2c4 sp=0x000000e8521f74a0
Event: 704.826 Thread 0x00000233241e6000 DEOPT UNPACKING pc=0x0000023305bd662f sp=0x000000e8521f7440 mode 2
Event: 704.826 Thread 0x00000233241e6000 Uncommon trap: trap_request=0xffffffd6 fr.pc=0x000002330deef380 relative=0x0000000000000920
Event: 704.826 Thread 0x00000233241e6000 Uncommon trap: reason=array_check action=maybe_recompile pc=0x000002330deef380 method=java.util.ComparableTimSort.binarySort([Ljava/lang/Object;III)V @ 183 c2
Event: 704.826 Thread 0x00000233241e6000 DEOPT PACKING pc=0x000002330deef380 sp=0x000000e8521f7b60
Event: 704.826 Thread 0x00000233241e6000 DEOPT UNPACKING pc=0x0000023305bd662f sp=0x000000e8521f7b00 mode 2
Event: 705.154 Thread 0x0000023323ea5000 Uncommon trap: trap_request=0xffffff4d fr.pc=0x000002330ddac834 relative=0x0000000000000e74
Event: 705.154 Thread 0x0000023323ea5000 Uncommon trap: reason=unstable_if action=reinterpret pc=0x000002330ddac834 method=java.util.concurrent.locks.AbstractQueuedSynchronizer$ConditionObject.awaitNanos(J)J @ 96 c2
Event: 705.154 Thread 0x0000023323ea5000 DEOPT PACKING pc=0x000002330ddac834 sp=0x000000e8529fef20
Event: 705.154 Thread 0x0000023323ea5000 DEOPT UNPACKING pc=0x0000023305bd662f sp=0x000000e8529feed0 mode 2

Classes redefined (0 events):
No events

Internal exceptions (20 events):
Event: 700.677 Thread 0x0000023322ece000 Exception <a 'sun/nio/fs/WindowsException'{0x000000008a34dad8}> (0x000000008a34dad8) thrown at [./src/hotspot/share/prims/jni.cpp, line 615]
Event: 700.701 Thread 0x0000023322ece000 Exception <a 'java/lang/NoClassDefFoundError'{0x000000008a08e9d0}: org/jetbrains/kotlin/gradle/plugin/KotlinBasePluginWrapper> (0x000000008a08e9d0) thrown at [./src/hotspot/share/oops/constantPool.cpp, line 775]
Event: 700.711 Thread 0x0000023322ece000 Exception <a 'sun/nio/fs/WindowsException'{0x0000000089fd3fc8}> (0x0000000089fd3fc8) thrown at [./src/hotspot/share/prims/jni.cpp, line 615]
Event: 700.753 Thread 0x0000023322ece000 Exception <a 'sun/nio/fs/WindowsException'{0x0000000089e7a9f8}> (0x0000000089e7a9f8) thrown at [./src/hotspot/share/prims/jni.cpp, line 615]
Event: 700.753 Thread 0x0000023322ece000 Exception <a 'sun/nio/fs/WindowsException'{0x0000000089e7bd38}> (0x0000000089e7bd38) thrown at [./src/hotspot/share/prims/jni.cpp, line 615]
Event: 700.753 Thread 0x0000023322ece000 Exception <a 'sun/nio/fs/WindowsException'{0x0000000089e7d0c8}> (0x0000000089e7d0c8) thrown at [./src/hotspot/share/prims/jni.cpp, line 615]
Event: 700.753 Thread 0x0000023322ece000 Exception <a 'sun/nio/fs/WindowsException'{0x0000000089e7e6e0}> (0x0000000089e7e6e0) thrown at [./src/hotspot/share/prims/jni.cpp, line 615]
Event: 702.236 Thread 0x00000233241e3800 Exception <a 'java/lang/NoSuchMethodError'{0x000000008b3188c0}: <clinit>> (0x000000008b3188c0) thrown at [./src/hotspot/share/prims/jni.cpp, line 1362]
Event: 702.248 Thread 0x00000233241e3800 Exception <a 'java/lang/NoSuchMethodError'{0x000000008b341790}: <clinit>> (0x000000008b341790) thrown at [./src/hotspot/share/prims/jni.cpp, line 1362]
Event: 702.494 Thread 0x00000233241e9800 Exception <a 'sun/nio/fs/WindowsException'{0x000000008b6f7c70}> (0x000000008b6f7c70) thrown at [./src/hotspot/share/prims/jni.cpp, line 615]
Event: 702.536 Thread 0x00000233241e9800 Exception <a 'java/lang/NoSuchMethodError'{0x000000008b3f7368}: 'void java.lang.invoke.DirectMethodHandle$Holder.invokeStatic(java.lang.Object, java.lang.Object, java.lang.Object, java.lang.Object, java.lang.Object, java.lang.Object, java.lang.Object)'> (0x000000008b3f7368) thrown at [./src/hotspot/share/interpreter/linkResolver.cpp, line 773]
Event: 704.825 Thread 0x00000233241e6000 Exception <a 'java/lang/NoSuchMethodError'{0x000000008b3241a0}: <clinit>> (0x000000008b3241a0) thrown at [./src/hotspot/share/prims/jni.cpp, line 1362]
Event: 704.827 Thread 0x00000233241e6000 Exception <a 'java/lang/NoSuchMethodError'{0x000000008b354660}: <clinit>> (0x000000008b354660) thrown at [./src/hotspot/share/prims/jni.cpp, line 1362]
Event: 704.828 Thread 0x00000233241e6000 Exception <a 'java/lang/NoSuchMethodError'{0x000000008b367458}: <clinit>> (0x000000008b367458) thrown at [./src/hotspot/share/prims/jni.cpp, line 1362]
Event: 704.982 Thread 0x0000023323ea3000 Exception <a 'java/lang/NoSuchMethodError'{0x000000008b6125e8}: 'void java.lang.invoke.DirectMethodHandle$Holder.invokeStatic(java.lang.Object, long)'> (0x000000008b6125e8) thrown at [./src/hotspot/share/interpreter/linkResolver.cpp, line 773]
Event: 704.982 Thread 0x0000023323ea3000 Exception <a 'java/lang/NoSuchMethodError'{0x000000008b61d820}: 'java.lang.Object java.lang.invoke.DirectMethodHandle$Holder.invokeStatic(java.lang.Object, long)'> (0x000000008b61d820) thrown at [./src/hotspot/share/interpreter/linkResolver.cpp, line 773]
Event: 704.983 Thread 0x0000023323ea3000 Exception <a 'java/lang/NoSuchMethodError'{0x000000008b62c298}: 'java.lang.Object java.lang.invoke.DirectMethodHandle$Holder.invokeStaticInit(java.lang.Object, java.lang.Object, long, java.lang.Object)'> (0x000000008b62c298) thrown at [./src/hotspot/share/interpreter/linkResolver.cpp, line 773]
Event: 704.983 Thread 0x0000023323ea3000 Exception <a 'java/lang/NoSuchMethodError'{0x000000008b632690}: 'java.lang.Object java.lang.invoke.DirectMethodHandle$Holder.invokeStatic(java.lang.Object, java.lang.Object, long)'> (0x000000008b632690) thrown at [./src/hotspot/share/interpreter/linkResolver.cpp, line 773]
Event: 704.984 Thread 0x0000023323ea3000 Exception <a 'java/lang/NoSuchMethodError'{0x000000008b638e50}: 'java.lang.Object java.lang.invoke.Invokers$Holder.linkToTargetMethod(java.lang.Object, long, java.lang.Object)'> (0x000000008b638e50) thrown at [./src/hotspot/share/interpreter/linkResolver.cpp, line 773]
Event: 705.154 Thread 0x0000023323ea3000 Exception <a 'java/io/IOException'{0x000000008b67e860}> (0x000000008b67e860) thrown at [./src/hotspot/share/prims/jni.cpp, line 615]

Events (20 events):
Event: 705.146 loading class com/android/builder/internal/aapt/v2/Aapt2DaemonImpl$AllowShutdown done
Event: 705.147 Executing VM operation: RevokeBias
Event: 705.147 Executing coalesced safepoint VM operation: RevokeBias
Event: 705.147 Executing coalesced safepoint VM operation: RevokeBias done
Event: 705.147 Executing VM operation: RevokeBias done
Event: 705.147 Executing VM operation: RevokeBias
Event: 705.148 Executing coalesced safepoint VM operation: RevokeBias
Event: 705.148 Executing coalesced safepoint VM operation: RevokeBias done
Event: 705.148 Executing VM operation: RevokeBias done
Event: 705.148 Thread 0x0000023323ea0000 Thread exited: 0x0000023323ea0000
Event: 705.148 Thread 0x0000023323ea0800 Thread exited: 0x0000023323ea0800
Event: 705.154 Thread 0x0000023323ea5000 Thread exited: 0x0000023323ea5000
Event: 705.155 loading class org/gradle/internal/exceptions/DefaultMultiCauseException$1
Event: 705.155 loading class org/gradle/internal/exceptions/DefaultMultiCauseException$1 done
Event: 705.156 loading class org/gradle/internal/execution/history/changes/ChangeDetectorVisitor
Event: 705.156 loading class org/gradle/internal/execution/history/changes/ChangeDetectorVisitor done
Event: 705.156 loading class org/gradle/internal/execution/history/changes/OutputFileChanges$4
Event: 705.156 loading class org/gradle/internal/execution/history/changes/OutputFileChanges$4 done
Event: 705.157 loading class org/gradle/internal/build/event/types/DefaultFailure
Event: 705.157 loading class org/gradle/internal/build/event/types/DefaultFailure done


Dynamic libraries:
0x00007ff6d0b80000 - 0x00007ff6d0b8a000 	C:\Program Files\Android\Android Studio\jre\bin\java.exe
0x00007ffad49c0000 - 0x00007ffad4bb0000 	C:\Windows\SYSTEM32\ntdll.dll
0x00007ffad41c0000 - 0x00007ffad4272000 	C:\Windows\System32\KERNEL32.DLL
0x00007ffad19b0000 - 0x00007ffad1c53000 	C:\Windows\System32\KERNELBASE.dll
0x00007ffad1e80000 - 0x00007ffad1f7a000 	C:\Windows\System32\ucrtbase.dll
0x00007ffaca290000 - 0x00007ffaca2a7000 	C:\Program Files\Android\Android Studio\jre\bin\VCRUNTIME140.dll
0x00007ffab1670000 - 0x00007ffab1689000 	C:\Program Files\Android\Android Studio\jre\bin\jli.dll
0x00007ffad4570000 - 0x00007ffad4704000 	C:\Windows\System32\USER32.dll
0x00007ffad1dd0000 - 0x00007ffad1df1000 	C:\Windows\System32\win32u.dll
0x00007ffabe0b0000 - 0x00007ffabe335000 	C:\Windows\WinSxS\amd64_microsoft.windows.common-controls_6595b64144ccf1df_6.0.18362.752_none_e6c0b5ed1312b70c\COMCTL32.dll
0x00007ffad3ad0000 - 0x00007ffad3af6000 	C:\Windows\System32\GDI32.dll
0x00007ffad39b0000 - 0x00007ffad3a4e000 	C:\Windows\System32\msvcrt.dll
0x00007ffad28d0000 - 0x00007ffad2a64000 	C:\Windows\System32\gdi32full.dll
0x00007ffad33a0000 - 0x00007ffad36d6000 	C:\Windows\System32\combase.dll
0x00007ffad1f80000 - 0x00007ffad201e000 	C:\Windows\System32\msvcp_win.dll
0x00007ffad36e0000 - 0x00007ffad3800000 	C:\Windows\System32\RPCRT4.dll
0x00007ffad2850000 - 0x00007ffad28d0000 	C:\Windows\System32\bcryptPrimitives.dll
0x00007ffad4450000 - 0x00007ffad447e000 	C:\Windows\System32\IMM32.DLL
0x00007ffac4e90000 - 0x00007ffac4f2d000 	C:\Program Files\Android\Android Studio\jre\bin\msvcp140.dll
0x00007ffaa9960000 - 0x00007ffaaa435000 	C:\Program Files\Android\Android Studio\jre\bin\server\jvm.dll
0x00007ffad2b50000 - 0x00007ffad2bf3000 	C:\Windows\System32\ADVAPI32.dll
0x00007ffad4340000 - 0x00007ffad43d7000 	C:\Windows\System32\sechost.dll
0x00007ffad4560000 - 0x00007ffad4568000 	C:\Windows\System32\PSAPI.DLL
0x00007ffacdf70000 - 0x00007ffacdf94000 	C:\Windows\SYSTEM32\WINMM.dll
0x00007ffacf8f0000 - 0x00007ffacf8f9000 	C:\Windows\SYSTEM32\WSOCK32.dll
0x00007ffacae70000 - 0x00007ffacae7a000 	C:\Windows\SYSTEM32\VERSION.dll
0x00007ffad47d0000 - 0x00007ffad483f000 	C:\Windows\System32\WS2_32.dll
0x00007ffacdf40000 - 0x00007ffacdf6d000 	C:\Windows\SYSTEM32\winmmbase.dll
0x00007ffad1e30000 - 0x00007ffad1e7a000 	C:\Windows\System32\cfgmgr32.dll
0x00007ffad1890000 - 0x00007ffad18a1000 	C:\Windows\System32\kernel.appcore.dll
0x00007ffaca270000 - 0x00007ffaca281000 	C:\Program Files\Android\Android Studio\jre\bin\verify.dll
0x00007ffab0cd0000 - 0x00007ffab0ec4000 	C:\Windows\SYSTEM32\DBGHELP.DLL
0x00007ffab1190000 - 0x00007ffab11ba000 	C:\Windows\SYSTEM32\dbgcore.DLL
0x00007ffac4fb0000 - 0x00007ffac4fd9000 	C:\Program Files\Android\Android Studio\jre\bin\java.dll
0x00007ffacd040000 - 0x00007ffacd04b000 	C:\Program Files\Android\Android Studio\jre\bin\jimage.dll
0x00007ffac4f90000 - 0x00007ffac4fa8000 	C:\Program Files\Android\Android Studio\jre\bin\zip.dll
0x00007ffad2c00000 - 0x00007ffad32e5000 	C:\Windows\System32\SHELL32.dll
0x00007ffad32f0000 - 0x00007ffad3399000 	C:\Windows\System32\shcore.dll
0x00007ffad2020000 - 0x00007ffad27a0000 	C:\Windows\System32\windows.storage.dll
0x00007ffad18b0000 - 0x00007ffad18d3000 	C:\Windows\System32\profapi.dll
0x00007ffad1900000 - 0x00007ffad194a000 	C:\Windows\System32\powrprof.dll
0x00007ffad1880000 - 0x00007ffad1890000 	C:\Windows\System32\UMPDC.dll
0x00007ffad42e0000 - 0x00007ffad4332000 	C:\Windows\System32\shlwapi.dll
0x00007ffad1db0000 - 0x00007ffad1dc7000 	C:\Windows\System32\cryptsp.dll
0x00007ffac4f70000 - 0x00007ffac4f8a000 	C:\Program Files\Android\Android Studio\jre\bin\net.dll
0x00007ffac52e0000 - 0x00007ffac53d1000 	C:\Windows\SYSTEM32\WINHTTP.dll
0x00007ffad10f0000 - 0x00007ffad1157000 	C:\Windows\system32\mswsock.dll
0x00007ffac4f50000 - 0x00007ffac4f64000 	C:\Program Files\Android\Android Studio\jre\bin\nio.dll
0x00007ffaaf160000 - 0x00007ffaaf187000 	C:\Users\2022\.gradle\native\e1d6ef7f7dcc3fd88c89a11ec53ec762bb8ba0a96d01ffa2cd45eb1d1d8dd5c5\windows-amd64\native-platform.dll
0x00007ffaa4ab0000 - 0x00007ffaa4bf4000 	C:\Users\2022\.gradle\native\5664cfc778a61ccfe75a443a1ab52a65af34e5dc3c78e0209fed803814484fcb\windows-amd64\native-platform-file-events.dll
0x00007ffacb990000 - 0x00007ffacb99a000 	C:\Program Files\Android\Android Studio\jre\bin\management.dll
0x00007ffacab30000 - 0x00007ffacab3d000 	C:\Program Files\Android\Android Studio\jre\bin\management_ext.dll
0x00007ffad0c60000 - 0x00007ffad0c93000 	C:\Windows\system32\rsaenh.dll
0x00007ffad1e00000 - 0x00007ffad1e26000 	C:\Windows\System32\bcrypt.dll
0x00007ffad1770000 - 0x00007ffad1795000 	C:\Windows\SYSTEM32\USERENV.dll
0x00007ffad12c0000 - 0x00007ffad12cc000 	C:\Windows\SYSTEM32\CRYPTBASE.dll
0x00007ffad0e00000 - 0x00007ffad0e3a000 	C:\Windows\SYSTEM32\IPHLPAPI.DLL
0x00007ffad4710000 - 0x00007ffad4718000 	C:\Windows\System32\NSI.dll
0x00007ffac8d70000 - 0x00007ffac8d86000 	C:\Windows\SYSTEM32\dhcpcsvc6.DLL
0x00007ffac9af0000 - 0x00007ffac9b0c000 	C:\Windows\SYSTEM32\dhcpcsvc.DLL
0x00007ffad0e40000 - 0x00007ffad0f0a000 	C:\Windows\SYSTEM32\DNSAPI.dll
0x00007ffad08e0000 - 0x00007ffad0911000 	C:\Windows\SYSTEM32\ntmarta.dll

dbghelp: loaded successfully - version: 4.0.5 - missing functions: none
symbol engine: initialized successfully - sym options: 0x614 - pdb path: .;C:\Program Files\Android\Android Studio\jre\bin;C:\Windows\SYSTEM32;C:\Windows\WinSxS\amd64_microsoft.windows.common-controls_6595b64144ccf1df_6.0.18362.752_none_e6c0b5ed1312b70c;C:\Program Files\Android\Android Studio\jre\bin\server;C:\Users\2022\.gradle\native\e1d6ef7f7dcc3fd88c89a11ec53ec762bb8ba0a96d01ffa2cd45eb1d1d8dd5c5\windows-amd64;C:\Users\2022\.gradle\native\5664cfc778a61ccfe75a443a1ab52a65af34e5dc3c78e0209fed803814484fcb\windows-amd64

VM Arguments:
jvm_args: --add-opens=java.base/java.util=ALL-UNNAMED --add-opens=java.base/java.lang=ALL-UNNAMED --add-opens=java.base/java.lang.invoke=ALL-UNNAMED --add-opens=java.base/java.util=ALL-UNNAMED --add-opens=java.prefs/java.util.prefs=ALL-UNNAMED --add-opens=java.prefs/java.util.prefs=ALL-UNNAMED --add-opens=java.base/java.nio.charset=ALL-UNNAMED --add-opens=java.base/java.net=ALL-UNNAMED --add-opens=java.base/java.util.concurrent.atomic=ALL-UNNAMED -Xmx2048m -Dfile.encoding=UTF-8 -Duser.country=US -Duser.language=en -Duser.variant 
java_command: org.gradle.launcher.daemon.bootstrap.GradleDaemon 7.2
java_class_path (initial): C:\Users\2022\.gradle\wrapper\dists\gradle-7.2-bin\2dnblmf4td7x66yl1d74lt32g\gradle-7.2\lib\gradle-launcher-7.2.jar
Launcher Type: SUN_STANDARD

[Global flags]
     intx CICompilerCount                          = 4                                         {product} {ergonomic}
     uint ConcGCThreads                            = 2                                         {product} {ergonomic}
     uint G1ConcRefinementThreads                  = 8                                         {product} {ergonomic}
   size_t G1HeapRegionSize                         = 1048576                                   {product} {ergonomic}
    uintx GCDrainStackTargetSize                   = 64                                        {product} {ergonomic}
   size_t InitialHeapSize                          = 134217728                                 {product} {ergonomic}
   size_t MarkStackSize                            = 4194304                                   {product} {ergonomic}
   size_t MaxHeapSize                              = 2147483648                                {product} {command line}
   size_t MaxNewSize                               = 1287651328                                {product} {ergonomic}
   size_t MinHeapDeltaBytes                        = 1048576                                   {product} {ergonomic}
    uintx NonNMethodCodeHeapSize                   = 5836300                                {pd product} {ergonomic}
    uintx NonProfiledCodeHeapSize                  = 122910970                              {pd product} {ergonomic}
    uintx ProfiledCodeHeapSize                     = 122910970                              {pd product} {ergonomic}
    uintx ReservedCodeCacheSize                    = 251658240                              {pd product} {ergonomic}
     bool SegmentedCodeCache                       = true                                      {product} {ergonomic}
     bool UseCompressedClassPointers               = true                                 {lp64_product} {ergonomic}
     bool UseCompressedOops                        = true                                 {lp64_product} {ergonomic}
     bool UseG1GC                                  = true                                      {product} {ergonomic}
     bool UseLargePagesIndividualAllocation        = false                                  {pd product} {ergonomic}

Logging:
Log output configuration:
 #0: stdout all=warning uptime,level,tags
 #1: stderr all=off uptime,level,tags

Environment Variables:
PATH=C:\Program Files\Common Files\Oracle\Java\javapath;C:\Windows\system32;C:\Windows;C:\Windows\System32\Wbem;C:\Windows\System32\WindowsPowerShell\v1.0\;C:\Windows\System32\OpenSSH\;C:\Users\2022\AppData\Local\Microsoft\WindowsApps;
USERNAME=2022
OS=Windows_NT
PROCESSOR_IDENTIFIER=Intel64 Family 6 Model 142 Stepping 12, GenuineIntel



---------------  S Y S T E M  ---------------

OS: Windows 10 , 64 bit Build 18362 (10.0.18362.752)
OS uptime: 0 days 2:06 hours

CPU:total 8 (initial active 8) (4 cores per cpu, 2 threads per core) family 6 model 142 stepping 12 microcode 0xb8, cmov, cx8, fxsr, mmx, sse, sse2, sse3, ssse3, sse4.1, sse4.2, popcnt, avx, avx2, aes, clmul, erms, 3dnowpref, lzcnt, ht, tsc, tscinvbit, bmi1, bmi2, adx, fma

Memory: 4k page, system-wide physical 8064M (291M free)
TotalPageFile size 8064M (AvailPageFile size 49M)
current process WorkingSet (physical memory assigned to process): 416M, peak: 434M
current process commit charge ("private bytes"): 529M, peak: 539M

vm_info: OpenJDK 64-Bit Server VM (11.0.11+9-b60-7590822) for windows-amd64 JRE (11.0.11+9-b60-7590822), built on Jul 29 2021 21:43:44 by "builder" with MS VC++ 14.0 (VS2015)

END.
